Error at: 119
<string>:1:0:ERROR:VALID:DTD_INVALID_CHILD: Element p is not declared in p list of possible children
<document {http://www.w3.org/XML/1998/namespace}lang="nob" id="no_id">
    <header>
        <title>
        </title>
        <genre code="admin">
        </genre>
        <author>
            <unknown>
            </unknown>
        </author>
        <wordcount>
            470
        </wordcount>
        <conversion_status type="standard">
        </conversion_status>
        <availability>
            <license type="standard">
            </license>
        </availability>
        <multilingual>
        </multilingual>
        <origFileName>
            Tekst om FLS til helsedir.no_til_oversetting nob.docx
        </origFileName>
        <parallel_text {http://www.w3.org/XML/1998/namespace}lang="dan" location="">
        </parallel_text>
        <parallel_text {http://www.w3.org/XML/1998/namespace}lang="eng" location="">
        </parallel_text>
        <parallel_text {http://www.w3.org/XML/1998/namespace}lang="fin" location="">
        </parallel_text>
        <parallel_text {http://www.w3.org/XML/1998/namespace}lang="fit" location="">
        </parallel_text>
        <parallel_text {http://www.w3.org/XML/1998/namespace}lang="fkv" location="">
        </parallel_text>
        <parallel_text {http://www.w3.org/XML/1998/namespace}lang="ger" location="">
        </parallel_text>
        <parallel_text {http://www.w3.org/XML/1998/namespace}lang="isl" location="">
        </parallel_text>
        <parallel_text {http://www.w3.org/XML/1998/namespace}lang="kal" location="">
        </parallel_text>
        <parallel_text {http://www.w3.org/XML/1998/namespace}lang="kpv" location="">
        </parallel_text>
        <parallel_text {http://www.w3.org/XML/1998/namespace}lang="nno" location="">
        </parallel_text>
        <parallel_text {http://www.w3.org/XML/1998/namespace}lang="nob" location="">
        </parallel_text>
        <parallel_text {http://www.w3.org/XML/1998/namespace}lang="rus" location="">
        </parallel_text>
        <parallel_text {http://www.w3.org/XML/1998/namespace}lang="sma" location="">
        </parallel_text>
        <parallel_text {http://www.w3.org/XML/1998/namespace}lang="sme" location="tekst_om_fls_til_helsedir.no_til_oversetting_sme.docx">
        </parallel_text>
        <parallel_text {http://www.w3.org/XML/1998/namespace}lang="smj" location="">
        </parallel_text>
        <parallel_text {http://www.w3.org/XML/1998/namespace}lang="smn" location="">
        </parallel_text>
        <parallel_text {http://www.w3.org/XML/1998/namespace}lang="sms" location="">
        </parallel_text>
        <parallel_text {http://www.w3.org/XML/1998/namespace}lang="swe" location="">
        </parallel_text>
        <metadata>
            <uncomplete>
            </uncomplete>
        </metadata>
        <version>
            XSLtemplate $Revision$; file-specific xsl  Revision; common.xsl  $Revision$;
        </version>
    </header>
    <body>
        <p>
            Tekst om FLS for oversettelse til Nord-, Sør- og Lulesamisk på helsedir.no/folkehelse/frisklivssentraler
        </p>
        <p>
            <em type="bold">
                Frisklivssentraler
            </em>
        </p>
        <p>
            Kommunene er gjennom
            <em type="italic">
                helse- og omsorgstjenesteloven
            </em>
        pålagt å tilby helsefremmende og forebyggende helsetjenester til befolkningen. Frisklivssentralen er en kommunal helsetjeneste og en anbefalt måte å organisere slike tjenester på og en del av kommunens samlede helsetilbud. Veilederen beskriver kvalitetskrav og anbefalinger for etablering, organisering og tilbud ved kommunale frisklivssentraler. Tilbudet har en helsefremmende, tverrfaglig og brukersentrert tilnærming. Målet er å fremme helse og forebygge sykdom ved å gi tidlig hjelp til å endre levevaner og mestre helseutfordringer og livet med kronisk sykdom.
        </p>
        <p>
            Målgruppen er personer som har økt risiko for, er i ferd med å utvikle, eller allerede har utviklet sykdom. Det er for eksempel egnet ved sammensatte og langvarige helseutfordringer eller ved risiko for frafall fra skole eller arbeidsliv og som tiltak før eller etter annen behandling. . Personer kan selv ta kontakt eller bli henvist av fastlegen, nav eller annet helsepersonell.
        </p>
        <p>
            Frisklivssentralens brukere får strukturert, helhetlig oppfølging med individuell og grupperettet veiledning, informasjon og aktiviteter tilpasset den enkeltes behov. Tilbudet gis for 12 uker av gangen og kan omfatte støtte til fysisk aktivitet, sunt kosthold og snus- og røykeslutt, og å mestre psykiske belastninger, søvnvansker og risikofylt alkoholbruk.
        </p>
        <p>
            Det strukturerte oppfølgingstilbudet starter og avsluttes med en helsesamtale. Ved behov kan det gjennomføres flere helsesamtaler i oppfølgingsperioden. Plan for oppfølging tar utgangspunkt i brukerens mål og funksjonsnivå og lages av bruker og veileder i fellesskap. Veileder ved frisklivssentralen er en samarbeidspartner og støttespiller underveis. Videre mål og plan vurderes etter 12 uker, og ved behov gis det tilbud om ytterligere oppfølging. Underveis skal brukeren få informasjon om, og gjerne mulighet til å prøve ut, aktuelle lokale tilbud. Frisklivssentralen skal ha oversikt over, kjennskap til og samarbeide med og lede videre til slike tilbud. Målet er at brukeren blir i stand til å mestre helseutfordringer, opprettholde endringer og fortsette med egen aktivitet etter at oppfølgingen ved frisklivssentralen er avsluttet.
        </p>
        <p>
            Frisklivssentralens tilbud kan både benyttes som tidlig innsats for å forebygge eller begrense utvikling av sykdom, og være tilbud til personer i et behandlings, rehabiliterings eller habiliteringsforløp . Samarbeid på tvers av tjenester og nivå er nødvendig for at brukerne skal oppleve helhetlige og koordinerte tjenester.
        </p>
        <p>
            Frisklivssentralen bidrar til å løse kommunale oppgaver. Den skal være en samarbeidspartner i det lokale folkehelsearbeidet, blant annet gjennom veiledning og informasjon til befolkningen, og ved å bidra i oversiktsarbeidet som en del av grunnlaget for kommunale planprosesser.
        </p>
        <p>
            <em type="italic">
                Film:
            </em>
        Norske versjoner av frisklivsfilmen med undertekst på nord-, sør og lulesamisk (youtube.com) (er oversatt)
        </p>
        <p>
            <em type="italic">
                Figur:
            </em>
        Det strukturerte oppfølgingstilbudet i frisklivssentraler (PDF) – 3 lenker oversatt til nord, sør og lulesamisk (ikke oversatt ennå)
        </p>
        <p>
            <em type="bold">
                Brosjyre:
            </em>
        Frisklivskortet over satt til nord, sør og lulesamisk (er oversatt)
        </p>
        <p>
            <p type="title">
                Finn din frisklivssentral (oversette overskrifter/lenketekst på samisk)
            </p>
        </p>
        <p>
            Oversikt over kommuner med frisklivssentral
        </p>
    </body>
</document>
