Error at: 119
<string>:39:0:ERROR:VALID:DTD_INVALID_CHILD: Element p is not declared in p list of possible children
<document {http://www.w3.org/XML/1998/namespace}lang="nob" id="no_id">
    <header>
        <title>
        </title>
        <genre code="admin">
        </genre>
        <author>
            <unknown>
            </unknown>
        </author>
        <wordcount>
            4585
        </wordcount>
        <conversion_status type="standard">
        </conversion_status>
        <availability>
            <license type="standard">
            </license>
        </availability>
        <multilingual>
        </multilingual>
        <origFileName>
            Verneverdige samiske bygninger No.docx
        </origFileName>
        <parallel_text {http://www.w3.org/XML/1998/namespace}lang="dan" location="">
        </parallel_text>
        <parallel_text {http://www.w3.org/XML/1998/namespace}lang="eng" location="">
        </parallel_text>
        <parallel_text {http://www.w3.org/XML/1998/namespace}lang="fin" location="">
        </parallel_text>
        <parallel_text {http://www.w3.org/XML/1998/namespace}lang="fit" location="">
        </parallel_text>
        <parallel_text {http://www.w3.org/XML/1998/namespace}lang="fkv" location="">
        </parallel_text>
        <parallel_text {http://www.w3.org/XML/1998/namespace}lang="ger" location="">
        </parallel_text>
        <parallel_text {http://www.w3.org/XML/1998/namespace}lang="isl" location="">
        </parallel_text>
        <parallel_text {http://www.w3.org/XML/1998/namespace}lang="kal" location="">
        </parallel_text>
        <parallel_text {http://www.w3.org/XML/1998/namespace}lang="kpv" location="">
        </parallel_text>
        <parallel_text {http://www.w3.org/XML/1998/namespace}lang="nno" location="">
        </parallel_text>
        <parallel_text {http://www.w3.org/XML/1998/namespace}lang="nob" location="">
        </parallel_text>
        <parallel_text {http://www.w3.org/XML/1998/namespace}lang="rus" location="">
        </parallel_text>
        <parallel_text {http://www.w3.org/XML/1998/namespace}lang="sma" location="">
        </parallel_text>
        <parallel_text {http://www.w3.org/XML/1998/namespace}lang="sme" location="verneverdige_samiske_bygninger_sam.docx">
        </parallel_text>
        <parallel_text {http://www.w3.org/XML/1998/namespace}lang="smj" location="">
        </parallel_text>
        <parallel_text {http://www.w3.org/XML/1998/namespace}lang="smn" location="">
        </parallel_text>
        <parallel_text {http://www.w3.org/XML/1998/namespace}lang="sms" location="">
        </parallel_text>
        <parallel_text {http://www.w3.org/XML/1998/namespace}lang="swe" location="">
        </parallel_text>
        <metadata>
            <uncomplete>
            </uncomplete>
        </metadata>
        <version>
            XSLtemplate $Revision$; file-specific xsl  Revision; common.xsl  $Revision$;
        </version>
    </header>
    <body>
        <p>
            <em type="italic">
                Verneverdige samiske bygninger i
            </em>
        </p>
        <p>
            <em type="italic">
                kommunale kulturmiljøplaner og kommunal saksbehandling
            </em>
        </p>
        <p>
            <span type="quote">
                Saemiedigkie Sámedigge Sámediggi Sametinget 2021
            </span>
        </p>
        <p>
            Forsidefoto
        </p>
        <p>
            Bygninger av gjenbrukte materialer, Smiervuotna, Porsáŋgu, Finnmárku/Smørfjord, Porsanger, Finnmark. Foto: Sametinget
        </p>
        <p>
            Fjøs, Málatvuopmi, Romsa/Målselv, Troms. Foto: Sametinget
        </p>
        <p>
            Gjenreisningshus, Gáivuotna, Romsa/Kåfjord, Troms. Foto: Sametinget
        </p>
        <p>
            Utmarksløe, Skárfvággi, Gáivuotna, Romsa/Skardalen, Kåfjord, Troms. Foto: Sametinget
        </p>
        <p>
            Veilederen er utarbeidet av Sametingets avdeling for kulturminner, areal og miljø, seksjon for bygningsvern, skjøtsel og kulturlandskap.
        </p>
        <p type="title">
            Innhold
        </p>
        <p>
            1 Innledning 4
        </p>
        <p>
            2 Om verneverdige samiske bygninger 5
        </p>
        <p>
            3 Rammer 8
        </p>
        <p>
            3.1 Nedbrenninga av Finnmark og Nord-Troms og gjenreisningsbebyggelsen etter 2. verdenskrig 8
        </p>
        <p>
            3.2 Boligaksjonen 1969-83 10
        </p>
        <p>
            3.3 Skriftlige og muntlige kilder 11
        </p>
        <p>
            3.4 SEFRAK-registrerte bygninger 11
        </p>
        <p>
            3.5 Kulturminneloven 12
        </p>
        <p>
            3.6 Plan- og bygningsloven 12
        </p>
        <p>
            4 Kriterier for utvelgelse av verneverdige samiske bygninger 14
        </p>
        <p>
            4.1 Kriterier for identifisering av samiske bygninger 14
        </p>
        <p>
            4.2 Vurdering av kulturminneverdi 17
        </p>
        <p>
            4.3 Skjema for kulturminneverdi vurdering av samiske bygninger 20
        </p>
        <p>
            5 Prioriterte tema 22
        </p>
        <p>
            6 Referanser 22
        </p>
        <p type="title">
            Innledning
        </p>
        <p>
            Verneverdige samiske bygninger og bygde konstruksjoner forteller samisk historie og dokumenterer samisk tilstedeværelse i alle områder av norsk Sápmi. Disse bygningene vil kunne få vern gjennom kommunale kulturmiljøplaner.
        </p>
        <p>
            Sametinget har ansvar for å forvalte samiske kulturminner og ønsker å bistå kommuner med å identifisere aktuelle bygninger. Formålet med dette dokumentet er å veilede kommunene i å vurdere og identifisere samiske bygninger.
        </p>
        <p>
            Dokumentet inneholder:
        </p>
        <list>
            <p type="listitem">
                Om verneverdige samiske bygninger
            </p>
            <p type="listitem">
                En gjennomgang av rammer og lovverk
            </p>
            <p type="listitem">
                Kriterier både for å identifisere og for å verdivekte verneverdige samiske bygninger i kommunene
            </p>
        </list>
        <p>
            <em type="italic">
                Det er viktig å identifisere samiske verneverdige bygninger
            </em>
        </p>
        <p>
            En verneverdig eller bevaringsverdig bygning er et kulturminne som har gjennomgått en kulturhistorisk vurdering og er identifisert som verneverdig, som oftest gjennom en kulturmiljøplan som lages av kommunen. En kulturhistorisk vurdering er basert på lokal historie. Bygninger som er identifisert som verneverdige er en viktig og synlig del av den lokale historien.
        </p>
        <p>
            Samiske bygninger bygd før eller i 1917 er automatisk freda. Disse bygningene er registret i Askeladden, Riksantikvarens nasjonale kulturminnedatabase. Men den samiske historien slutter ikke i 1917. Det er også viktig at nyere historie blir tatt vare på og formidlet for fremtiden i den enkelte kommune.
        </p>
        <p>
            <em type="italic">
                Anvendelse av dokumentet
            </em>
        </p>
        <p>
            Dokumentet er ment som en veileder og et redskap for de kommunene som jobber med kulturmiljøplaner, enten det er nye planer eller rullering av eksisterende planer.
        </p>
        <p>
            Samtidig vil dokumentet også kunne brukes ved byggesaksbehandling i forbindelse med påbygg eller riving av eksisterende bygninger for å vurdere om de kan være verneverdige.
        </p>
        <p>
            Sametinget ønsker med dette å belyse verneverdige samiske og flerkulturelle bygninger. Det er viktig at disse bygningene blir implementert i en kommunal kulturmiljøplan eller en plan utarbeidet og vedtatt iht. til plan- og bygningsloven. Dette vil kunne bidra til større kunnskap om samiske kulturminner og kulturhistorie i kommunen.
        </p>
        <p>
            <em type="italic">
                Internat Stuorravuonna, Unjárga, Finnmárku/Karlebotn, Nesseby, Finnmark. Foto: Sametinget
            </em>
        </p>
        <p type="title">
            Om verneverdige samiske bygninger
        </p>
        <p>
            Sametinget har registrert ca. 900 samiske bygninger som er automatisk freda og bygd i 1917 eller tidligere. Disse bygningene, sammen med arkeologiske samiske kulturminner, forteller samisk historie. Informasjon om disse finnes i kulturminnedatabasen Askeladden som også er tilgjengelig for kommunene.
        </p>
        <p>
            Basert på arbeidet med registrering av automatisk freda samiske bygninger har Sametinget også fått kunnskap om bygninger som er yngre enn 1917. Her oppsummeres kort noen elementer som vil være viktig å ha som bakgrunn for arbeidet med verneverdige samiske bygninger:
        </p>
        <list>
            <p type="listitem">
                I noen kommuner finnes det ingen automatisk freda samiske bygninger selv om det har vært samisk bosetning her. I disse kommunene er det spesielt viktig å fortelle den samiske historien gjennom nyere bygninger fra tiden etter 1917. Dette gjelder særlig kommuner i Finnmark og Nord-Troms som ble brent i 1944, samt sørsamisk område. I sørsamisk område var gammer den vanligste boligformen fram til 1920-tallet. Samisk gårdsdrift ble i hovedsak etablert etter 1920 i sørsamisk område. Derfor finnes det få automatisk freda bygninger i området.
            </p>
        </list>
        <list>
            <p type="listitem">
                Myndighetene oppfordret i mellomkrigstiden til bureisingsarbeid i hele landet. Det ble fra 1920-tallet også etablert en del samiske bureisingsgårder.
            </p>
            <p type="listitem">
                I tillegg til brenninga av Nord-Troms og Finnmark etter andre verdenskrig, var gjenreisning med på å endre den samiske bygningshistorien. Brenninga ødela mange eldre bygninger. Etter hvert ble det bygd opp en ny bygningsmasse. Det omfatter alt fra enkle uthus av gjenbruksmaterialer, provisoria, til standardiserte gårdsbruk og bolighus. I tillegg nevnes banebrytende etterkrigsarkitektur i offentlige bygg. De typegodkjente boligene fra Husbanken ble også bygd for den samiske befolkninga. Dette endret brukstradisjoner innad i boligene i stor grad.
            </p>
            <p type="listitem">
                Perioden 1918 til 1945 setter krav til en annen vinkling på hva som er viktig å verne enn ved vurdering av automatisk freda samiske bygninger. Det er viktig å vektlegge den historiske fortellingen til en bygning, men det er like viktig å se på bygningshistorien til stedet/kommunen bygningene tilhører. Finnes det mange fjøs som er automatisk freda i et område, bør kanskje ikke fjøs i samme området fra perioden 1918-1944 prioriteres, med mindre de viser nye elementer. Samtidig er noen bygningstyper lite representert blant automatisk freda samiske bygninger.
            </p>
        </list>
        <p>
            <em type="italic">
                Tørrfiskhesje Skárfvággi, Gáivuotna, Romsa/Skardalen, Kåfjord, Troms. Foto: Sametinget
            </em>
        </p>
        <list>
            <p type="listitem">
                Oversikten over alle automatisk freda samiske bygninger viser at bygningstypen naust er underrepresentert. Det kan være flere grunner til dette. Langs hele kysten i Finnmark til Nord-Troms ble naustene brent. I tillegg kan man anta at naust er ekstra utsatt for vær, vind og vann i sjønære områder. Da kombinasjonsnæringen fiske-jordbruk ble avviklet kom naustene ut av bruk, og de ble mindre vedlikeholdt. Dette førte til forfall og nedfall. Også nye båttyper og bygging av småbåthavner har gjort naustene overflødige. Naust bør være et fokusområde der de finnes og har samisk tilhørighet.
            </p>
        </list>
        <p>
            <em type="italic">
                Kart 1: kart over alle automatisk freda samiske bygninger. Utarbeidet av Mia De Coninck, Fiskebeck Prosjekt AS. Kilde: Askeladden.ra.no
            </em>
        </p>
        <list>
            <p type="listitem">
                Bygninger tilknyttet sosiale møteplasser, helsearbeid og undervisning er underrepresentert blant freda samiske bygninger. Flere av disse bygningene, bedehus, skoler, samfunnshus, internat, fjellstuer og skysstasjoner, ble bygd ut fra datidens fornorskningspolitikk. Mange av disse samlingsarenaene har vært flerkulturelle og blitt brukt av både samer, kvener og nordmenn. I den forbindelse kan det vurderes et samarbeid med aktuelle kvenske organisasjoner for å løfte fram historien og det flerkulturelle aspektet til disse fellesskapsbygningene. Noen av disse bygningene bør kunne få status som flerkulturelt verneverdige bygninger.
            </p>
            <p type="listitem">
                Samiske bygninger i perioden før 1917 har vært kjennetegnet av reindrift og kombinasjonsbruk. Med industrialisering og motorisering orienterte man seg i større grad bort fra tradisjonelle kombinasjonsnæringer til mer spesialiserte næringer innen skogbruk, fiskeri, jordbruk og reindrift. Norsk industrietablering har også hatt stor betydning for den samiske befolkninga i enkelte områder.
            </p>
            <p type="listitem">
                Andre næringer og kulturnæringer som turisme, duodji, kunst og musikk som tidligere var en integrert del av boplassen, har fått plass i egne nærings- og kulturbygninger. Videre nevnes bygninger som kan knyttes til spesifikke kunstnere eller deltakere i den samiske nasjonsbygginga. Også samiske museer og kunstinstitusjoner ble mer og mer vanlig.
            </p>
        </list>
        <p type="title">
            Rammer
        </p>
        <p>
            For å forstå den samiske bygningshistorien etter 1917 er det viktig også å kjenne til de store linjene i den samiske historien før 1917.
        </p>
        <p>
            I tillegg er den samiske historien også vevd sammen med andre kulturer.
        </p>
        <p type="title">
            Nedbrenninga av Finnmark og Nord-Troms og gjenreisningsbebyggelsen etter 2. verdenskrig
        </p>
        <p>
            <em type="italic">
                Krigen
            </em>
        </p>
        <p>
            Andre verdenskrig (1940-1945) har preget bygningshistorien, også den samiske, spesielt i Nord-Troms og Finnmark. Tyskerne beslagla skoler og andre offentlige bygninger og private bygninger til sin innkvartering og aktivitet. I tillegg ble det gjennomført mange bombeangrep på viktige installasjoner og lokasjoner.
        </p>
        <p>
            Flere anlegg ble også bygd under krigen, og det finnes en del krigsminner etter det.
        </p>
        <p>
            På slutten av krigen ble det gjennomført tvangsevakuering og bruk av brent jords taktikk i området. I en oppsummering over antall bygninger og anlegg som ble brent i Nord-Troms og Finnmark høsten og vinteren 1944-45, nevnes følgende tap: 12 000 boliger, 116 skoler, 27 kirker, 15 prestegårder, 500 større og mindre industribedrifter, ca. 20 fiskebruk, 22 000 telegrafstolper og 350 bruer (Niemi 1983, 57).
        </p>
        <p>
            Det finnes mange ruiner etter de brente bygningene som synlige bevis på brenninga. I tillegg finnes det også krigsminner.
        </p>
        <p>
            Omkring 50 000 mennesker var flyktninger i eget land, og ble midlertidig innlosjert lengre sør i landet. Rundt 25 000 overvintret i huler, gammer, under båter og andre skjulesteder i utmarka.
        </p>
        <p>
            <em type="italic">
                Etterkrigstidens provisoria
            </em>
        </p>
        <p>
            I mange år etter frigjøringen måtte folk bo i provisoria på de nedbrente plassene. Provisoriene, som hytter, brakker og gammer, ble bygd av restmaterialer som fantes i nærområdet. Alt fra gamle båter, flyplassplank, mat- og fiskekasser, oljefat og annet anvendbart materiale ble brukt for å lage hus til folk og fe. Disse bygningene var beskjedne i størrelse, men de viser stor kreativitet og en sterk vilje til å bosette seg igjen på disse plassene.
        </p>
        <p>
            Forsvaret førte inn store mengder av såkalte Nissen-brakker i buet bølgeblikk og enkelt treverk i begge endene. Noen få av dem er fremdeles å finne som uthus.
        </p>
        <p>
            Da myndighetenes gjenreisning kom i gang ble provisoriene enten revet eller brukt som ekstra hus og uthus. Det er dessverre få igjen, og vi vet lite om hvor mange, hvor de befinner seg, hvilken tilstand de er i, eller hvor raskt de forsvinner. Dette er bygninger som har stor kulturhistorisk verdi og som viser boforholdene under den første gjenreisningstiden.
        </p>
        <p>
            <em type="italic">
                Nissen-brakke, Báŋkogohppi, Unjárga, Finnmárku/Nesseby, Finnmark. Foto: Sametinget
            </em>
        </p>
        <p>
            <em type="italic">
                Myndighetenes gjenreisningsbebyggelse -
            </em>
            <em type="italic">
                standardiserte bolighus og gårdsbruk
            </em>
        </p>
        <p>
            Fra myndighetenes side ble det satt i gang reguleringstiltak og planarbeid for byene og de største stedene. Arkitekter ble invitert til konkurranser om utforming av enkle boliger. Gjenreisningshusene kunne oppføres i flere typer, og ønsket var å bevare norske byggetradisjoner kombinert med enkel funksjonalisme.
        </p>
        <p>
            Gjenreisninga betydde et brudd med tradisjoner innen håndverk, den var med på å utviske etniske tradisjoner og forskjeller.
        </p>
        <p>
            På begynnelsen av 1950-tallet ble det utviklet 23 Hus for flyttsamer, også kalt Kautokeino-aksjonen. Tiltaket ble utviklet i nært samarbeid mellom arkitekt, snekkere og brukere. Huset fikk betegnelsen Klemethuset og hadde et grunnplan på 48 m2.
        </p>
        <p type="title">
            Boligaksjonen 1969-83
        </p>
        <p>
            I 1970 ble Boligaksjonen i Indre Finnmark, Troms og Nordland iverksatt. Forsker Per Mathisen, arkitekt Kjell Borgen og sosionom Regnor Solbakk jobbet med å kartlegge boligbehovet, hvem som trengte boliger og hvilke typer boliger det var behov for. Mange reindriftssamer hadde ikke hatt fast bolig før eller under krigen, og hadde da heller ikke rett på erstatningsbolig etter krigen. Dette førte til at det tok lenger tid i noen samiske områder enn andre steder å få boligsituasjonen opp på et akseptabelt nivå. De statlige boligtiltakene overtok for gjenreisingen som var blitt avsluttet ellers i landet. Det ble også utarbeidet reguleringsplaner for de nye boligområdene.
        </p>
        <p>
            Aksjonen førte til at omkring 680 boliger (ferdighus) ble satt opp for samiske familier i samiske strøk. Dette innebar en brå overgang fra et nomadisk til et mer fastboende liv. Husene skulle holde husbankstandard.
        </p>
        <p>
            Boligaksjonen ga sårt tiltrengte boliger i områder som var rasert etter tyskernes tilbaketrekning gjennom Finnmark.
        </p>
        <p>
            I 1974 ble Solbakk intervjuet i Sosionomen (Kalvemo, 1974) om de sosiale problemene i samiske områder. Han kritiserte boligaksjonen for å være ensidig og styrt utenfra. Han var redd for at den samiske befolkningen skulle bli avhengig av noe de ikke hadde oversikt over. Boligene skulle bygges på anviste boligfelter, det ble økte boligutgifter, og folk ble avhengige av pengeinntekter. I dette lå en forandring av samers levemåte. Solbakk etterlyste et utvidet fokus der samiske interesser selv var med på å drøfte samfunnsmessige spørsmål i et større perspektiv.
        </p>
        <p>
            Gjennom boligaksjonen skjedde for eksempel en storstilt sentralisering av fjordfolk til Drag i Tysfjord. Hellemofjorden, som da var kjerneområde for lulesamisk bosetting, ble definert som fraflyttingsområde. Offentlige investeringer i fjordene stanset, og det ble mindre muligheter til å få banklån både til næringsvirksomhet og boliger.
        </p>
        <p type="title">
            Skriftlige og muntlige kilder
        </p>
        <list>
            <p type="listitem">
                Folketellinger fram til 1920
            </p>
            <p type="listitem">
                Bygdebøker, årbøker og lokalhistoriske kilder
            </p>
            <p type="listitem">
                Vitenskapelig produksjon, for eksempel Samenes historie fra 1751 til 2010
            </p>
            <p type="listitem">
                Samiske etnografiske kilder
            </p>
            <p type="listitem">
                Dokumentasjon av intervjuer og muntlige opplysninger
            </p>
            <p type="listitem">
                Etnografiske kart, for eksempel Friis, Jens Andreas: Ethnografisk Kart over Finmarken. No. 1-5. 10 Bl., Ethnografisk Kart over Tromsø Amt. 6 Bl. 1890
            </p>
            <p type="listitem">
                Samiske stedsnavn
            </p>
        </list>
        <p>
            <em type="italic">
                Sjå, Østli, Áhkánjárga, Nordlánda/Narvik, Nordland. Foto: Sametinget
            </em>
        </p>
        <p type="title">
            SEFRAK-registrerte bygninger
        </p>
        <p>
            SEFRAK = Sekretariatet For Registrering Av Faste Kulturminne i Noreg.
        </p>
        <p>
            SEFRAK-registreringa ble gjennomført i årene 1975-1995. Bygninger bygd før 1900 ble registrert over hele landet, med unntak av Finnmark der bygg før 1945 også ble registrert. Kulturminner ble kartfestet, oppmålt og fotografert. I alt er det registrert omlag 515 000 bygninger.
        </p>
        <p>
            SEFRAK-registeret er først og fremst et generelt kulturhistorisk register som særlig har verdi som kildemateriale for lokalhistorie. Registeret blir også brukt av forvaltningen for å finne verneverdige bygninger i lokalmiljøet og i det kommunale planarbeidet.
        </p>
        <p type="title">
            Kulturminneloven
        </p>
        <p>
            I følge kulturminnelovens § 25 har kommunene meldeplikt ved søknad om riving eller endring av byggverk oppført før 1850. For å hindre kommuner i å tillate inngrep på verneverdige samiske bygninger er det viktig at kommunene er klar over statusen til samiske verneverdige kulturminner og at det kan finnes slike byggverk i deres kommune.
        </p>
        <p>
            kulturminnelovens §15 har fokus på fredning av bygninger, anlegg m.v. fra nyere tid. Noen av bygningene i kommunen kan bli vurdert som veldig verdifull også i nasjonal sammenheng. Da bør bygget vurderes for vedtaksfredning. Dette er en prosess som Sametinget kan initiere overfor Riksantikvaren. Riksantikvaren har en fredningsstrategi med prioriterte tema (Riksantikvaren 2015).
        </p>
        <p type="title">
            Plan- og bygningsloven
        </p>
        <p>
            Plan og bygningsloven har flere paragrafer som kan brukes for å beskytte verneverdige bygninger. Kulturminner kan reguleres til bevaring eller hensynssone ved hjelp av plan- og bygningsloven gjennom en arealplan eller reguleringsplan. Det er reguleringsbestemmelsene som setter rammene for hvilke tiltak som godkjennes av plan- og bygningsmyndighetene.
        </p>
        <p>
            En kulturmiljøplan, som kan omfatte flere kulturminner og tema, lages med utgangspunkt i plan- og bygningsloven. Planen kan være kommunens oversikt over viktige kulturminner og kulturmiljø i kommunen og forvaltinga av disse. Kommunen definerer selv hvilke kulturminner som er verneverdige og som skal inngå i deres kulturmiljøplan. Gjennom arbeidet med å lage en kulturmiljøplan får kommunen satt temaet på den politiske dagsorden og aktualisert kulturarven sin rolle i samfunnsutviklingen.
        </p>
        <p>
            En kulturmiljøplan vil gi kommunen kunnskap om lokalhistorie og prioritere kulturminner som man vil ta vare på for framtiden.
        </p>
        <p>
            Det finnes tre typer kulturmiljøplaner som kan egne seg for kommunene. For utfyllende beskrivelse av disse vises det til Riksantikvaren sin veileder for kulturmiljøplan for kommuner (Riksantikvaren 2013).
        </p>
        <p>
            <em type="italic">
                Kommuneplanens samfunnsdel
            </em>
        </p>
        <p>
            Kommunenes kulturminnepolitikk kan nedfelles i kommuneplanens samfunnsdel som et eget kapittel med mål og strategier, og kan knyttes til samfunnsdelens arealstrategi og koples opp mot andre mål innenfor for eksempel reiseliv, næringsutvikling, folkehelse og friluftsliv.
        </p>
        <p>
            I tillegg til alle freda kulturminner bør de øvrige kulturminnene som kommunene prioriterer avsettes med hensynssoner i arealdelen.
        </p>
        <p>
            <em type="italic">
                Kommunedelplan for kulturminner
            </em>
        </p>
        <p>
            Kulturminner og kulturmiljøer kan være tema for en egen kommunedelplan utarbeidet etter plan- og bygningslovens regler. Gjennom arbeidet med planen velger kommunen ut verneverdige kulturminner og kulturmiljøer, samt prioriterer virkemidler og tiltak for disse.
        </p>
        <p>
            Planen skal ha en handlingsdel med tiltak som revideres årlig og koples til kommunens økonomiplan (jf. plan- og bygningsloven § 11.2 ).
        </p>
        <p>
            Temaplan
        </p>
        <p>
            En kulturmiljøplan kan også vedtas som en temaplan uten å følge alle saksbehandlingsreglene i plan- og bygningsloven, for eksempel kravet til planprogram. Medvirkning og politisk forankring av arbeidet er likevel viktig.
        </p>
        <p>
            For alle planer er det viktig at de verneverdige bygningene som er tatt med i kulturmiljøplanen også legges inn i Askeladden/Kulturminnesøk. De verneverdige bygningene vil da være lett gjenfinnbar både for forvaltningen og innbyggerne.
        </p>
        <p>
            <em type="italic">
                Mølle, Rivtták, Romsa/Gratangen, Troms. Foto: Sametinget
            </em>
        </p>
        <p type="title">
            Kriterier for utvelgelse av verneverdige samiske bygninger
        </p>
        <p>
            <em type="italic">
                Hvilke samiske bygninger er verneverdige?
            </em>
        </p>
        <p>
            Ofte kan det være vanskelig å vurdere om en bygning er samisk og i tillegg verneverdig.
        </p>
        <p>
            Første trinn i en slik prosess er å vurdere om bygningen er samisk, mens andre trinn er å vurdere kulturminneverdien til bygningen.
        </p>
        <p type="title">
            Kriterier for identifisering av samiske bygninger
        </p>
        <p>
            Sametinget har utviklet fem kriterier som kan brukes i identifiseringen av samiske bygninger. De samme kriteriene brukes også ved registrering av automatisk freda samiske bygninger og er like aktuelle i arbeidet med å vurdere verneverdige bygninger:
        </p>
        <p type="listitem">
            Historisk og kulturell tilknytning
        </p>
        <p type="listitem">
            Funksjonen til kulturminnet
        </p>
        <p type="listitem">
            Miljømessig sammenheng
        </p>
        <p type="listitem">
            Byggeskikk
        </p>
        <p type="listitem">
            Eiers og lokalsamfunnets oppfatning
        </p>
        <p>
            Den etniske tilhørigheten til et byggverk bør vurderes på et bredt kunnskapsgrunnlag. Derfor er det viktig at alle de nevnte kriteriene drøftes og danner grunnlag for konklusjonen.
        </p>
        <p>
            <em type="italic">
                Historisk og kulturell tilknytning
            </em>
        </p>
        <p>
            Dette kriteriet er ansett som det viktigste kriteriet for å bestemme den kulturelle tilknytninga til kulturminnet. Man undersøker og vurderer bl.a. den historiske bakgrunnen til bygningen og miljøet rundt, hvem som har bygd og brukt det, hvilken kulturell sammenheng det har fungert i, eller hvilke spesielle hendelser som er knyttet til bygningen. Ved bygninger bygd etter 1917 vil lokal kunnskap om bygningen være avgjørende. Historier og kunnskap om etnisk tilhørighet til eier, bruker eller byggherre og annen historisk informasjon om bygningen er vanligvis fortsatt kjent av noen i lokalsamfunnet. I arbeidet med kulturmiljøplanen vil kommunen derfor kunne foreta intervjuer for å dokumentere bygningens historie.
        </p>
        <p>
            <em type="italic">
                Funksjonen til kulturminnet
            </em>
        </p>
        <p>
            Kulturminner kan knyttes til mange ulike funksjoner og bruksområder. Det kan være en næringsmessig-, sosial-, religiøs- eller samhandlingsfunksjon. Noen ganger kan flere funksjoner være knyttet til ett og samme kulturminne. Noen næringsfunksjoner er tydelig samiske, for eksempel de som tilhører reindriftsnæringen. Andre næringsfunksjoner er like vanlig innenfor norsk kultur, men når de er bygd og har fungert i en samisk kulturell sammenheng, bør de kunne vurderes som samiske kulturminner. I tillegg har Sametinget sett på prioriterte tema innenfor kulturminnets funksjon, se vedlegg til kapittel 5.
        </p>
        <p>
            <em type="italic">
                Miljømessig sammenheng
            </em>
        </p>
        <p>
            Samiske byggverk inngår i miljømessige sammenhenger som kan speile den kulturelle tilknytningen. Naturlige forutsetninger og landskapet på stedet har vært viktige elementer ved etablering av samiske gårder. De samiske gårdene er organisert etter en mer organisk topologisk modell, og ikke geometrisk. Likevel kan mange samiske gjenreisingsgårder være geometrisk organisert, med hus og fjøs plassert vinkelrett på hverandre.
        </p>
        <p>
            Miljøet rundt bygningene kan være preget av flere forhold som organiseringen av bygningene, tilstedeværelse av andre samiske kulturminner, historisk bruk og bruken av landskapet.
        </p>
        <p>
            <em type="italic">
                Byggeskikk
            </em>
        </p>
        <p>
            Det er vanlig at man leter etter bygninger med tydelige samiske kjennetegn i byggeskikk, dvs. i teknikk, konstruksjon, dimensjon, materialbruk, formspråk, farger, bearbeiding, merking av tømmer eller andre detaljer. Det finnes typiske kjennetegn for samisk byggeskikk innafor sør-, midt- og nordsamiske områder.
        </p>
        <p>
            Samisk byggeskikk har vært preget av omfattende kulturlån og gjensidig påvirkning mellom samisk, norsk og kvensk byggeskikk.
        </p>
        <p>
            Et samisk bygg kan derfor ha trekk som viser til andre etniske grupper, derfor bør ikke byggeskikken alene brukes som kriterium for å avskrive et bygg som samisk.
        </p>
        <p>
            Det finnes også nyere arkitekttegna bygninger der formspråket bruker kjente samiske elementer. De kan ha et moderne formspråk, men er inspirert av samiske elementer som gamme, lávvu, det sentrale rommet, eller som bruker elementer fra samiske bruksgjenstander, dekor og lignende.
        </p>
        <p>
            <em type="italic">
                Eiers og lokalsamfunnets oppfatning
            </em>
        </p>
        <p>
            Eierens og lokalsamfunnets vurdering må tillegges vekt i vurderingen av kulturell tilknytning. Lokal oppfatning vil alltid være viktig, og spesielt viktig når det gjelder å bekrefte den samiske tilknytningen til et kulturminne. Naturlig nok vil det kunne være forskjellige syn på den kulturelle og etniske tilknytningen. Mange bygder har en historie der samisk, kvensk og norsk kultur har levd side om side. Mange vil også hevde at de står med en fot i hver kultur og regner seg og sin slekt som flerkulturelle, mens i noen slekter er det ulike oppfatninger om familiens etniske tilhørighet. Der lokalsamfunn og eiere er klare i sin vurdering av byggverket eller miljøet som samisk, bør en være forsiktig med å overprøve dette. I andre tilfeller som vil være mer utfordrende kan eier avise den samiske tilknytingen, mens bygda vurderer det annerledes. Eiere og forvaltning bør kunne ha anledning til å uttale seg der det er uenighet eller usikkerhet om den samiske tilknytningen.
        </p>
        <p>
            Flerkulturelle bygninger, som også har samisk identitet, kan vurderes som verneverdig i arbeidet med kulturmiljøplan.
        </p>
        <p>
            <em type="italic">
                Konklusjon
            </em>
        </p>
        <p>
            En konklusjon om kulturell tilhørighet må være basert på en helhetsvurdering der alle de fem kriteriene drøftes. Kriteriet om historisk og kulturell sammenheng, sammen med lokalsamfunnets syn, vil imidlertid måtte tillegges sentral vekt. En slik drøfting av kulturminnet opp mot de fem kriteriene for å avgjøre kulturell tilknytning vil gi et godt begrunnet kulturminnevern.
        </p>
        <p>
            <em type="italic">
                Naust, Lille Ropelv, Mátta-Várjjat, Finnmárku/Sør-Varanger, Finnmark. Foto: Trude Sildnes
            </em>
        </p>
        <p type="title">
            Vurdering av kulturminneverdi
        </p>
        <p>
            Etter at en bygning er identifisert som samisk, er neste trinn å vurdere kulturminneverdien. Da er det viktig å skille mellom verdisetting og verdivekting.
        </p>
        <p>
            Prosessen starter med å undersøke hvilke verdier vi kan knytte til kulturminnet og hva kulturminnet betyr for oss. Verdiene kan knyttes til følgende tre forhold:
        </p>
        <list>
            <p type="listitem">
                Kunnskapsverdier
            </p>
            <p type="listitem">
                Opplevelsesverdier
            </p>
            <p type="listitem">
                Bruksverdier
            </p>
        </list>
        <p>
            Kulturminner har en rolle som kilde til kunnskap om og forståelse av fortida. Mange opplevelsesverdier er knyttet til hvordan kulturminnene påvirker oss som mennesker og som fellesskap. Bruksverdien ligger i mulighetene for anvendelsen av bygningene.
        </p>
        <p>
            Begrepet kulturminneverdi er utviklet som et verktøy av Riksantikvaren. Dette for å kunne vurdere bygningenes verdi med tanke på videre forvaltning og om de skal være en del av en kulturmiljøplan. Vekting av verdiene vil hjelpe oss til å avgjøre betydningen. Til dette bruker vi et sett egenskaper. Samlet sett vil vurderingen av disse egenskapene sammen med verdivektingen hjelpe til å avgjøre om kulturminnet har liten, middels, stor eller svært stor verdi.
        </p>
        <p>
            Samiske bygninger bidrar til å synliggjøre den samiske kulturen og historien. De forteller om samisk byggeskikk, tilstedeværelse, levevis, ressursbruk og samhandling. Den viktigste verdien ved samiske bygninger er at de forteller om samisk historie, bosetting og aktivitet i det aktuelle området og at de derfor kan være verdifull av den grunn.
        </p>
        <p>
            Det vil være viktig for kommunen å sette seg inn i konteksten til de samiske bygninger også i et større geografisk perspektiv ved fastsettelsen av verdien. Det er ikke mulig å gi kommunene et fasitsvar. Men som et eksempel vil funn av kun èn samisk bygning i kommunen måtte vektes høyt. Bygningstyper som er sjeldne i området eller i hele Sápmi vil måtte vurderes ut fra dette.
        </p>
        <p type="listitem">
            Alder og tidsdybde
        </p>
        <p>
            <span type="quote">
                Alder er en av få målbare kriterier for utvelgelse. Viser
kulturminnet utvikling gjennom flere epoker og historiske
sammenhenger?
            </span>
        </p>
        <p type="listitem">
            Autentisitet – opprinnelighet fra en eller flere perioder (i materialer eller prosess)
        </p>
        <p>
            Autentisitet til et kulturminne eller et miljø sier noe om den opprinnelige bygningen og de endringene den har gjennomgått siden den ble bygd. Er bygningen endret i form, konstruksjon, materialer, overflatebehandling, bruk og miljøsammenheng? Er det opprinnelige eller nye materialer? Representerer kulturminnet ulike epoker og et mangfold av historier? De færreste kulturminner står urørt i sine opprinnelige omgivelser. Bygninger slites og repareres, deler skiftes og endres, også bruken kan endres. I mange tilfeller vil selve endringsprosessen, de forhold som har ført til den og sporene av den i kulturminnet, være av stor verdi.
        </p>
        <p type="listitem">
            Kulturmiljø – sammenheng og helhet
        </p>
        <p>
            <span type="quote">
                Miljøverdi betegner det enkelte kulturminnets betydning for det
totale kulturmiljøet det ligger i. Det samiske kulturmiljøet, helheten
som omgir bygningen, er spesielt viktig for den kulturelle tilknytninga
og derfor også for verneverdien. Arkeologiske kulturminner kan ha stor
betydning for miljøet rundt samiske bygninger. Ved verdisetting må
derfor hele miljøet rundt kulturminnet vurderes. Det er også viktig at
hele miljøer ivaretas. Enkelthus og andre installasjoner kan ha stor
verdi sett i sammenheng med et helhetlig kulturmiljø, uten at
bygningene/installasjonene behøver å være særlig gammel eller
sjelden.
            </span>
        </p>
        <p type="listitem">
            Lesbarhet og tydelighet (pedagogisk verdi)
        </p>
        <p>
            <span type="quote">
                Kulturminner har høy pedagogisk verdi i forhold til andre kilder til
kunnskap om fortida. Bygninger kan være lett for folk å lese og forstå.
En kan kanskje si at byggverk er lettere å lese enn tufter. Er noe
lettlest, har det også stor formidlingskraft som kulturminne og følgelig
også stor pedagogisk verdi. Tilgjengelighet og tilstand betyr også mye
for den pedagogiske verdien. Kulturminner hvor tilrettelegging for
deltagende aktiviteter er mulig uten at kulturminnet ødelegges, vil være
av stor verdi for identitetsutvikling i det samiske samfunnet.
            </span>
        </p>
        <p type="listitem">
            Anvendbarhet og funksjonsdyktighet (bruksverdi)
        </p>
        <p>
            <span type="quote">
                Dersom kulturminnet eller miljøet rundt har stabilt brukspotensial
over tid er det anvendbart. Det samme gjelder om kulturminnet er egnet
for samme eller for ny bruk i fremtiden. Er kulturminnet eller miljøet
funksjonelt i forhold til dagens situasjon og bruk? Er det godt
vedlikeholdt slik det framstår i dag? Eller har det en fremtoning som
virker fascinerende?Det må foretas en avveining av bruksverdien der kulturminnet kommer i
konflikt med autentisitet, opplevelsesverdi og historisk kildeverdi.
            </span>
        </p>
        <p type="listitem">
            Dokumentasjonsverdi – bygningen som historisk dokument
        </p>
        <p>
            <span type="quote">
                Dokumenterer bygget samisk historie? Forteller det om samisk
tilstedeværelse, bosetting og aktivitet i det aktuelle området, eller
forteller det om en spesifikk hendelse?
            </span>
        </p>
        <p type="listitem">
            Representativitet – sjelden eller vanlig
        </p>
        <p>
            <span type="quote">
                Vanlig og sjelden er ytterpunkter på en skala. Begrepene forutsetter
sammenligning innafor en kjent kulturminnekategori og et definert
geografisk område, i dette tilfellet kommunen. Et viktig mål er å bevare
et representativt utvalg kulturminner i de enkelte kommunene.
Kulturminner av en kategori kulturminner som det finnes mange av på
landsbasis, men få i kommunen, bør prioriteres.Innafor det samiske bygningsvernet vil det for eksempel være viktig å
plukke ut representanter for gjenreisningsbebyggelsen i samiske bygder
der det kanskje ikke finnes automatisk freda bygninger. Det er to typer
sjeldenhet: det som har vært vanlig, men som har blitt sjeldent med
tida, og det som alltid har vært sjeldent. Begge deler vil kunne ha høy
kulturminneverneverdi.
            </span>
        </p>
        <p type="listitem">
            Prioritert geografisk område
        </p>
        <p>
            <span type="quote">
                Ut fra elementene beskrevet i punkt 1.2 og vedlegget med prioriterte
tema, er noen områder særlig prioritert og bygningskategorier innenfor
disse områdene bør få høy eller svært høy verdi.
            </span>
        </p>
        <p>
            <em type="italic">
                Bolig, Breivold, Åfjord, Trööndelage/Trøndelag. Foto: Sametinget
            </em>
        </p>
        <p>
            Skjema for kulturminneverdi vurdering av samiske bygninger
        </p>
        <p>
            <p>
                <span type="quote">
                    Verdisetting
                </span>
            </p>
        </p>
        <p>
            <em type="bold">
                Hvilke verdier har kulturminnene?
            </em>
        </p>
        <p>
            Kunnskapsverdier/dokumentasjonsverdi
        </p>
        <p>
            Bygget skal dokumentere samisk historie, bosetning og aktivitet.
        </p>
        <p>
            Helhetsvurdering av hele kulturlandskapet er viktig.
        </p>
        <p>
            Opplevelsesverdier
        </p>
        <p>
            Hvordan oppleves bygningen, hvordan påvirker bygningen oss? Vekker den glede, ubehag, ettertanke, stolthet eller undring?
        </p>
        <p>
            Symbolverdi, tilhørighet, identitetsverdi.
        </p>
        <p>
            Bruksverdier
        </p>
        <p>
            Kan dagens bruk videreføres, er det grunnlag for endret bruk, ny verdiskapning eller er den ikke i bruk og med lite potensial for framtidig bruk?
        </p>
        <p>
            <em type="bold">
                Hvilke egenskaper kjennetegner kulturminnet?
            </em>
        </p>
        <p>
            Beskrivelse
        </p>
        <p>
            - Alder, tidsdybde
        </p>
        <p>
            - Autentisitet (en eller flere perioder)
        </p>
        <p>
            - Sammenheng og helhet (kulturmiljø)
        </p>
        <p>
            - Lesbarhet og tydelighet (pedagogisk verdi)
        </p>
        <p>
            - Anvendbarhet og funksjonsdyktighet (bruksverdi)
        </p>
        <p>
            - Historier rundt bygningen og brukere (dokumentasjonsverdi)
        </p>
        <p>
            <em type="bold">
                -
            </em>
        Representativitet
        </p>
        <p>
            - Prioritert geografisk område se punkt 5 (vedlegg)
        </p>
        <p>
            Til videre hjelp i vektingen vil man kunne bruke følgende sjekkliste:
        </p>
        <p>
            Verdivekting
        </p>
        <p>
            Liten verdi
        </p>
        <p>
            Middels verdi
        </p>
        <p>
            stor verdi
        </p>
        <p>
            Svært stor verdi
        </p>
        <p>
            - Kulturminnet representerer faser med særlig betydning for den samiske historien/utviklingen
        </p>
        <p>
            - Kulturminnet er knyttet til virksomheter med særlig lokalhistorisk betydning
        </p>
        <p>
            - Kulturminnet er knyttet til hendelser eller begivenheter med særlig lokalhistorisk betydning
        </p>
        <p>
            - Kulturminnet er knyttet til personer med særlig lokalhistorisk betydning
        </p>
        <p>
            - Kulturminnet har særlig arkitektonisk og arkitekturhistorisk verdi, eller som eksempel på lokal byggeskikk
        </p>
        <p>
            - Kulturminnet har særlig betydning som kilde til historien der det finnes få eller ingen skriftlige kilder
        </p>
        <p>
            - Kulturminnet har særlig betydning som ressurs for lokal utvikling og verdiskaping
        </p>
        <p type="title">
            Prioriterte tema
        </p>
        <p>
            Se vedlagte skjema over bygningstyper.
        </p>
        <p type="title">
            Referanser
        </p>
        <p>
            Nettdokumenter:
        </p>
        <p>
            Christensen, Sigurd, Even Bratberg. 2021. «Bureising.» Store norske leksikon. https://www.snl.no/bureising
        </p>
        <p>
            Riksantikvaren. 2013. «Kulturminneplan for kommuner.» https://www.riksantikvaren.no/veileder/tre-veier-til-malet-kulturminneplan
        </p>
        <p>
            Riksantikvaren. 2015. «Fredningsstrategi mot 2020 for kulturminneforvaltningen.» https://www.ra.brage.unit.no/ra-xmlui/handle/11250/285158
        </p>
        <p>
            Trykte dokumenter:
        </p>
        <p>
            Andresen, Astri, Bjørg Evjen, Teemu Ryymin. 2021.
            <em type="italic">
                Samenes historie fra 1751 til 2010
            </em>
        . Oslo: Cappelen Damm.
        </p>
        <p>
            Brekke, Nils Georg, Per Jonas Nordhagen, Siri Skjold Lexau. 2003.
            <em type="italic">
                Norsk arkitekturhistorie frå steinalder og bronsealder til det 21. hundreåret
            </em>
        . Oslo: Samlaget.
        </p>
        <p>
            Hage, Ingebjørg . 1999.
            <em type="italic">
                Som fugl Fønix av asken? Gjenreisingshus i Nord-Troms og Finnmark
            </em>
        . Oslo: Ad Notam Gyldendal.
        </p>
        <p>
            Henriksen, Jan Erik. 2016. «Samisk sosialt arbeid – fra ildsjeler til institusjonalisering?» I
            <em type="italic">
                NOU 2016: 18
            </em>
            <em type="italic">
                Hjertespråket – Forslag til lovverk, tiltak og ordninger for samiske språk
            </em>
        , 66. Oslo: Kommunal- og moderniseringsdepartementet.
        </p>
        <p>
            Kalvemo, Johs. 1974. «Sosialt problem sett fra majoriteten, men etnisk problem sett fra samenes side.»
            <em type="italic">
                Sosionomen
            </em>
        19.
        </p>
        <p>
            Niemi, Einar. 1983. «Byggeskikk og arkitektur i Finnmark.» I
            <em type="italic">
                Foreningen til norske fortidsminnesmerkers bevaring. Årbok 1983,
            </em>
        57. Oslo: Foreningen Norske Fortidsminnesmerkers bevaring.
        </p>
        <p>
            NOU 1995: 6
            <em type="italic">
                Plan for helse- og sosialtjenester til den samiske befolkning i Norge
            </em>
        , 151. Oslo: Helse- og omsorgsdepartementet.
        </p>
        <p>
            Petterson, Arvid. 2005. «Hus i Finnmark.» I
            <em type="italic">
                Fra Finnmarks kultur- og bygningshistorie
            </em>
        , redigert av Mia de Coninck, Svein H. Sørensen, Elsa Ingilæ Haldorsen, 26-27, 30. Finnmark: Fortidsminneforeningen, Finnmark avdeling.
        </p>
        <p>
            Sjølie, Randi. 2003.
            <em type="italic">
                Vern og forvaltning av samiske byggverk
            </em>
        . Karasjok: Sametinget
        </p>
    </body>
</document>
