Error at: 119
<string>:1:0:ERROR:VALID:DTD_INVALID_CHILD: Element p is not declared in p list of possible children

<string>:1:0:ERROR:VALID:DTD_INVALID_CHILD: Element p is not declared in p list of possible children
<document {http://www.w3.org/XML/1998/namespace}lang="nob" id="no_id">
    <header>
        <title>
        </title>
        <genre code="admin">
        </genre>
        <author>
            <unknown>
            </unknown>
        </author>
        <wordcount>
            180
        </wordcount>
        <conversion_status type="standard">
        </conversion_status>
        <availability>
            <license type="standard">
            </license>
        </availability>
        <multilingual>
        </multilingual>
        <origFileName>
            1032996_4_P_L_ -nob.docx
        </origFileName>
        <parallel_text {http://www.w3.org/XML/1998/namespace}lang="dan" location="">
        </parallel_text>
        <parallel_text {http://www.w3.org/XML/1998/namespace}lang="eng" location="">
        </parallel_text>
        <parallel_text {http://www.w3.org/XML/1998/namespace}lang="fin" location="">
        </parallel_text>
        <parallel_text {http://www.w3.org/XML/1998/namespace}lang="fit" location="">
        </parallel_text>
        <parallel_text {http://www.w3.org/XML/1998/namespace}lang="fkv" location="">
        </parallel_text>
        <parallel_text {http://www.w3.org/XML/1998/namespace}lang="ger" location="">
        </parallel_text>
        <parallel_text {http://www.w3.org/XML/1998/namespace}lang="isl" location="">
        </parallel_text>
        <parallel_text {http://www.w3.org/XML/1998/namespace}lang="kal" location="">
        </parallel_text>
        <parallel_text {http://www.w3.org/XML/1998/namespace}lang="kpv" location="">
        </parallel_text>
        <parallel_text {http://www.w3.org/XML/1998/namespace}lang="nno" location="">
        </parallel_text>
        <parallel_text {http://www.w3.org/XML/1998/namespace}lang="nob" location="">
        </parallel_text>
        <parallel_text {http://www.w3.org/XML/1998/namespace}lang="rus" location="">
        </parallel_text>
        <parallel_text {http://www.w3.org/XML/1998/namespace}lang="sma" location="1032996_4_p_l__-_sma.docx">
        </parallel_text>
        <parallel_text {http://www.w3.org/XML/1998/namespace}lang="sme" location="">
        </parallel_text>
        <parallel_text {http://www.w3.org/XML/1998/namespace}lang="smj" location="">
        </parallel_text>
        <parallel_text {http://www.w3.org/XML/1998/namespace}lang="smn" location="">
        </parallel_text>
        <parallel_text {http://www.w3.org/XML/1998/namespace}lang="sms" location="">
        </parallel_text>
        <parallel_text {http://www.w3.org/XML/1998/namespace}lang="swe" location="">
        </parallel_text>
        <metadata>
            <uncomplete>
            </uncomplete>
        </metadata>
        <version>
            XSLtemplate $Revision$; file-specific xsl  Revision; common.xsl  $Revision$;
        </version>
    </header>
    <body>
        <p>
            Påastesijjie/adresse
        </p>
        <p>
            Tel: 78 47 40 00
        </p>
        <p>
            Postboks 3
        </p>
        <p>
            Org.nr: 974 760 347
        </p>
        <p>
            9735 Kárášjohka/Karasjok
        </p>
        <p>
            samediggi@samediggi.no
        </p>
        <p>
            Aamhtsreerije saksbehandler
        </p>
        <p>
            Maria Louise Sara
        </p>
        <p>
            Tel:
        </p>
        <p>
            +47 78 47 41 43
        </p>
        <p>
            <em type="bold">
                Ij byøgk./ U.off.
            </em>
        </p>
        <p>
            Miljødirektoratet
        </p>
        <p>
            Postboks 5672 Torgarden
        </p>
        <p>
            7485 TRONDHEIM
        </p>
        <p>
            Aamhtese/sak
        </p>
        <p>
            mij vuesueht./VÅR REF.
        </p>
        <p>
            DIJ VUESIEHT./DERES REF.
        </p>
        <p>
            biejjie/DATO
        </p>
        <p>
            21/1632 - 2
        </p>
        <p>
            21/16455
        </p>
        <p>
            25.08.2022
        </p>
        <p type="title">
            Åbjørdalen naturreservat – tilrådning
        </p>
        <p>
            Viser til brev fra Statens kartverk av 18.03.2021 hvor det oppfordres til å få det sørsamiske navnet på naturreservatet på plass.
        </p>
        <p>
            Det samiske parallellnavnet på Åbjørdalen er
            <em type="italic">
                Diedtjienvuemie
            </em>
        , og det godkjente ordet for naturreservat er
            <em type="italic">
                eatnemereservaate
            </em>
        .Det sørsamiske navnet på Åbjørdalen naturreservat vil derfor være
            <em type="italic">
                Diedtjienvuemien
            </em>
            <em type="italic">
                eatnemereservaate
            </em>
        .
        </p>
        <p>
            Skrivemåten tilrås i henhold til § 3 i stedsnavnloven og skrivingen
        </p>
        <p>
            følger gjeldende rettskrivingsprinsipp, § 4. Denne paragrafen vektlegger også
        </p>
        <p>
            lokal uttale.
        </p>
        <p>
            Ta kontakt om noe skulle være uklart
        </p>
        <p>
            Heelsegh/Med hilsen
        </p>
        <p>
            <p>
                <span type="quote">
                    Risten Länsman
                </span>
            </p>
        </p>
        <p>
            Maria Louise Sara
        </p>
        <p>
            <p>
                <span type="quote">
                    juogushoavda / seksjonssjef
                </span>
            </p>
        </p>
        <p>
            Ráđđeaddi/ rådgiver
        </p>
        <p>
            <em type="italic">
                Tjaatsege lea elektrovneles jååhkesjamme jïh seedtesåvva vuelietjaalegapth/
            </em>
        </p>
        <p>
            <em type="italic">
                Dette dokumentet er elektronisk godkjent og sendes uten signatur.
            </em>
        </p>
        <p>
            Åejviedåastoje / Hovedmottaker:
        </p>
        <p>
            Miljødirektoratet
        </p>
        <p>
            Postboks 5672 Torgarden
        </p>
        <p>
            7485
        </p>
        <p>
            TRONDHEIM
        </p>
        <p>
            Kopiija / Kopi til:
        </p>
        <p>
            Kartverket
        </p>
        <p>
            Lissietjaalege / Vedlegg:
        </p>
    </body>
</document>
