Error at: 119
<string>:1:0:ERROR:VALID:DTD_CONTENT_MODEL: Element body content does not follow the DTD, expecting (section | (list | table | p | pre) | skip | later)*, got (p p p p p p p p p p p p p p p p p p p p p p p p p p p p p p p p p p p p p p p p p p p p p p p p p p p p p p p p p p p p p p p p p p p p p p p p p p p p p p p p p p p p p p p p p p p p p p p p p p p p p p p p p p p p p p p p p p p p p p p p p p p p p p p p p p p p p p p p p p p p p p p p p p p p p p p p p p p p p p p p p p p p p p p p p p p p p p p p p p p p p p p p p p p p p p p p p p p p p p p p p p p p p p p p p p p p p p p p p p p p p p p p p p p p p p p p p p p p p p p p p p p p p p em p p p p p p p p p p p p p p p p p p p p p p p p p p p p p p p p p p p p p p p p p p p p p p p p p p p p p p p p p p p p p p p p p p p p p p p p p p p p p p p p p p p p p p p p p p p p p p p p p p p p p p p p p p p p p p p p p p p p p p p p p p p p p p p p p p p p p p p p p p p p p p p p p p p p p p p p p p p p p p p p p p p p p p p p p p p p p p p p p p p p p p p p p p p p p p p p p p p p p p p p p p p p p p p p p p p p p p p p p p p p p p p p p p p p p p p p p p p p p p p p p p p p p p p p p p p p p p p p p p p p p p p p p p p p p p p p p p p p p p p p p p p p p p p p p p p p p p p p p p p p p p p p p p p p p p list)

<string>:1:0:ERROR:VALID:DTD_INVALID_CHILD: Element p is not declared in p list of possible children

<string>:1:0:ERROR:VALID:DTD_INVALID_CHILD: Element p is not declared in p list of possible children

<string>:1:0:ERROR:VALID:DTD_INVALID_CHILD: Element p is not declared in p list of possible children

<string>:1:0:ERROR:VALID:DTD_INVALID_CHILD: Element p is not declared in p list of possible children

<string>:1:0:ERROR:VALID:DTD_INVALID_CHILD: Element p is not declared in p list of possible children

<string>:1:0:ERROR:VALID:DTD_INVALID_CHILD: Element p is not declared in p list of possible children

<string>:1:0:ERROR:VALID:DTD_INVALID_CHILD: Element p is not declared in p list of possible children

<string>:1:0:ERROR:VALID:DTD_INVALID_CHILD: Element p is not declared in p list of possible children

<string>:1:0:ERROR:VALID:DTD_INVALID_CHILD: Element p is not declared in p list of possible children

<string>:1:0:ERROR:VALID:DTD_INVALID_CHILD: Element p is not declared in p list of possible children

<string>:1:0:ERROR:VALID:DTD_INVALID_CHILD: Element p is not declared in p list of possible children

<string>:1:0:ERROR:VALID:DTD_INVALID_CHILD: Element p is not declared in p list of possible children

<string>:1:0:ERROR:VALID:DTD_INVALID_CHILD: Element p is not declared in p list of possible children

<string>:1:0:ERROR:VALID:DTD_INVALID_CHILD: Element p is not declared in p list of possible children

<string>:1:0:ERROR:VALID:DTD_INVALID_CHILD: Element p is not declared in p list of possible children

<string>:1:0:ERROR:VALID:DTD_INVALID_CHILD: Element p is not declared in p list of possible children

<string>:1:0:ERROR:VALID:DTD_INVALID_CHILD: Element p is not declared in p list of possible children

<string>:1:0:ERROR:VALID:DTD_INVALID_CHILD: Element p is not declared in p list of possible children

<string>:1:0:ERROR:VALID:DTD_INVALID_CHILD: Element p is not declared in p list of possible children

<string>:1:0:ERROR:VALID:DTD_INVALID_CHILD: Element p is not declared in p list of possible children

<string>:1:0:ERROR:VALID:DTD_INVALID_CHILD: Element p is not declared in p list of possible children
<document {http://www.w3.org/XML/1998/namespace}lang="nob" id="no_id">
    <header>
        <title>
        </title>
        <genre code="facta">
        </genre>
        <author>
            <unknown>
            </unknown>
        </author>
        <wordcount>
            7772
        </wordcount>
        <conversion_status type="standard">
        </conversion_status>
        <availability>
            <license type="standard">
            </license>
        </availability>
        <origFileName>
            /Users/thomas/Desktop/jenta_fra_finland_altakvenene.docx
        </origFileName>
        <parallel_text {http://www.w3.org/XML/1998/namespace}lang="dan" location="">
        </parallel_text>
        <parallel_text {http://www.w3.org/XML/1998/namespace}lang="eng" location="">
        </parallel_text>
        <parallel_text {http://www.w3.org/XML/1998/namespace}lang="fin" location="">
        </parallel_text>
        <parallel_text {http://www.w3.org/XML/1998/namespace}lang="fit" location="">
        </parallel_text>
        <parallel_text {http://www.w3.org/XML/1998/namespace}lang="fkv" location="suomen_tyar_alattion_lantalaiset.odt">
        </parallel_text>
        <parallel_text {http://www.w3.org/XML/1998/namespace}lang="ger" location="">
        </parallel_text>
        <parallel_text {http://www.w3.org/XML/1998/namespace}lang="isl" location="">
        </parallel_text>
        <parallel_text {http://www.w3.org/XML/1998/namespace}lang="kal" location="">
        </parallel_text>
        <parallel_text {http://www.w3.org/XML/1998/namespace}lang="kpv" location="">
        </parallel_text>
        <parallel_text {http://www.w3.org/XML/1998/namespace}lang="nno" location="">
        </parallel_text>
        <parallel_text {http://www.w3.org/XML/1998/namespace}lang="nob" location="">
        </parallel_text>
        <parallel_text {http://www.w3.org/XML/1998/namespace}lang="rus" location="">
        </parallel_text>
        <parallel_text {http://www.w3.org/XML/1998/namespace}lang="sma" location="">
        </parallel_text>
        <parallel_text {http://www.w3.org/XML/1998/namespace}lang="sme" location="">
        </parallel_text>
        <parallel_text {http://www.w3.org/XML/1998/namespace}lang="smj" location="">
        </parallel_text>
        <parallel_text {http://www.w3.org/XML/1998/namespace}lang="smn" location="">
        </parallel_text>
        <parallel_text {http://www.w3.org/XML/1998/namespace}lang="sms" location="">
        </parallel_text>
        <parallel_text {http://www.w3.org/XML/1998/namespace}lang="swe" location="">
        </parallel_text>
        <metadata>
            <uncomplete>
            </uncomplete>
        </metadata>
        <version>
            XSLtemplate $Revision: 187360 $; file-specific xsl  Revision; common.xsl  $Revision$;
        </version>
    </header>
    <body>
        <p>
            <em type="italic">
                Jenta fra Finland, altakvenene og deres stedsnavn
            </em>
        </p>
        <p>
            <em type="italic">
                Artikkelen forteller om hvilke tanker en sørfinsk dame hadde om det å flytte til Alta i Nord-Norge, og om hvordan det var å møte nordmenn, samer og særlig kvener der. I Alta var det ennå rundt tiårsskiftet 1970-1980 mange kvener som kunne morsmålet sitt, og i artikkelen forteller forfatteren hvordan det var å gjøre feltarbeid blant dem. Fokuset er på de kvenske stedsnavna, som den gangen ennå var i friskt minne, og særlig navn som knytter seg til jordbruk og elvefiske, fordi det nettopp var de leveveiene som kvenene hadde med seg da bosatte seg i Alta på begynnelsen av 1700-tallet.
            </em>
        </p>
        <p>
            <em type="bold">
                En søring fra Finland kommer til Alta
            </em>
        </p>
        <p>
            Det var i begynnelsen av august 1979 at jeg satte meg i en bil på tur til Alta. Jeg hadde fått en kar fra Kemi til å hjelpe meg med å flytte. I tilhengeren på bilen hadde jeg noen få ting, og turen gikk radig. Torneå, Pello, Muonio. Det var mye å undre seg over da jeg for første gang så Torneelva og det nordlige landskapet. Så Enontekiö og Kautokeino. Trærne ble stadig mindre og mindre og færre og færre. Så det var altså en slik verden jeg holdt på å flytte til. Jeg, som bare en dag tidligere hadde vært i Åbo og sett høye trær, eik, lønn, alm.
        </p>
        <p>
            Hvordan hadde jeg havnet på en sånn reise? Det hadde seg slik at jeg jobbet som vikar på det finske instituttet på Åbo universitet da en av mine kolleger kom der i korridoren og ropte ut at
            <span type="quote">
                «Er det noen her som er interessert i vintersport?»
            </span>
        . Hun hadde sett i avisa at det i Alta i Nord-Norge var en ledig stilling som finsklærer på høgskolen. Hun meinte det nok som en vits. Hvem ville vel flytte så langt nord! Men jeg tenkte at
            <span type="quote">
                «Tja, hvorfor ikke, man kan jo alltids prøve – i hvert fall for ei kort tid»
            </span>
        .
        </p>
        <p>
            Og så søkte jeg på stillinga og fikk den – for ei kort tid, som jeg tenkte. La oss nå se hva slags sted det er. Jeg hadde riktignok lest om Alta i et leksikon og sett at på vinteren står ikke sola opp i det hele tatt, men at nedbørsmengden var som i Sahara. Et merkelig sted! Det bekymret meg hvordan man kunne ha potteplanter på et sånt sted der det var helt mørkt halve året. De dør vel alle.
        </p>
        <p>
            Så satt jeg der i bilen og så hvordan landskapet endret seg. Men så skjedde det et under! Da vi hadde kjørt et godt stykke fra Kautokeino over en nesten treløs vidde og forbi Masi og drukket kaffe og spist lefse i Suolovuopmi – for første gang i livet smakte jeg lefse –, så begynte landskapet å forandre seg. Det ble flere og flere trær, og de ble høyere og høyere. Alt var så grønt, at jeg ikke hadde sett liknende. Jeg tenkte at dette ikke kunne være sant. Kjører vi nordover eller sørover? Men så var allerede Alta der. Ei lita bygd, Bossekop. Men havet var stort. Altafjorden glitret i all sin glans. For et vidunderlig sted!
        </p>
        <p>
            Straks neste dag dro jeg til tollkontoret i Alta. Jeg var bedt om å komme dit fordi jeg hadde en liten svart-hvit TV med i bagasjen. Den måtte naturligvis fortolles. Men på tollkontoret fikk jeg straks en ordentlig hjemlig følelse, for bak skranken sto det en mann som sa han het Søderholm. Vel, Söderholm het jo jeg også. Vi var med ett som gamle kjenninger.
        </p>
        <p>
            Bosted fikk jeg først i Gakori (
        </p>
        <p>
            <em type="italic">
                Kaakkuri
            </em>
        </p>
        <p>
            ‘smålom’), som jeg syntes var et fint navn, for det var jo rein finsk! Så, etter ei lita stund, flytta jeg til Sorenskriverjordet i Bossekop. Der var havet rett utenfor vinduet, og landskapet var praktfullt. På Sorenskriverjordet bodde det bare folk fra høgskolen, eller m.a.o. for det meste nordmenn fra ulike deler av Norge, og jeg fikk god mulighet til å øve meg i norsk. Selve høgskolen var ennå i et midlertidig bygg nær Komsa, før den ble flytta til Smedgjerdet (
        </p>
        <p>
            <em type="italic">
                Rautionaita
            </em>
        </p>
        <p>
            ), som nå har det flotte norske navnet Sentrum.
        </p>
        <p>
            På Sorenskriverjordet bodde det også noen samer – eller
        </p>
        <p>
            <em type="italic">
                lapin ihmiset
            </em>
        </p>
        <p>
            ‘de lappiske folka’ – som kvenene kalte dem på den tida. Det var veldig trivelig å bli kjent med denne minoriteten og høre samisk. Vaktmesteren på høgskolen var også same, og da han allerede den første høsten tok meg og småguttene mine for å se på reinskillegjerdet i Kåfjord (
        </p>
        <p>
            <em type="italic">
                Kaavuono
            </em>
        </p>
        <p>
            ), så var det uten tvil det mest spennende jeg til da hadde sett.
        </p>
        <p>
            <em type="bold">
                Nordmenn, samer og kvener
            </em>
        </p>
        <p>
            Før jeg flyttet til Alta var Oulu det nordligste stedet jeg hadde vært på, og det var bare én gang på et dagsmøte. I Norge hadde jeg naturligvis ikke vært, og heller ikke visste jeg mye om landet. Om nordmenn hadde jeg et postkortbilde i hodet at de bare gikk der i de grønne fjellsidene og gjette sauer i ullgenser. Men jeg hadde møtt noen levende nordmenn også. Mannen min var visesanger og hadde visevenner i Norge, og noen hadde vært hos oss i Åbo på besøk. Trivelige folk, men de prata litt rart. De kalte f.eks. sopp(en) ‘suppe’(jf. svensk og finsk
        </p>
        <p>
            <em type="italic">
                soppa
            </em>
        </p>
        <p>
            ‘suppe’).
        </p>
        <p>
            Jeg hadde studert finsk på Universitetet i Åbo, og derfor visste jeg at i Alta – som ellers også i Nord-Norge – bor det to gamle minoriteter, samer og
            <span type="quote">
                «norgesfinner»
            </span>
        (
        </p>
        <p>
            <em type="italic">
                Ruijan suomalaisia
            </em>
        </p>
        <p>
            ). Og nå irriterte jeg meg litt over at jeg hadde studert ungarsk og ikke samisk. Jeg måtte nemlig velge ett fjernere slektspråk, og ettersom jeg tenkte at det er var større mulighet for å treffe på ungarere enn samer, så valgte jeg ungarsk.
        </p>
        <p>
            Jeg hadde også hatt som pensumbok Nils Erik Hansegårds bok Tvåspråkighet eller halvspråkighet
        </p>
        <p>
            1
        </p>
        <p>
            , der han skriver om folk på den svenske sida av Torneelva, og om hvordan de holder på å miste sitt eget morsmål. Jeg var naturligvis rasende på de svenske myndighetene som hadde behandlet sine minoriteter så dårlig og ikke gitt dem språklige rettigheter. På samme måte tenkte jeg at den norske staten med tvang hadde prøvd å fornorske samene og finlenderne i Norge. Og jeg tenkte også at Norges samer og finlendere hadde samme interesse i å snu denne utviklinga, og derfor samarbeide.
        </p>
        <p>
            De finskætta i Norge kalte vi i Finland vanligvis for finlendere (
        </p>
        <p>
            <em type="italic">
                suomalaiset
            </em>
        </p>
        <p>
            ), det samme gjaldt for folk på svensk side av Torneelva. Enkelte i Finland sa også at de finskætta i Norge var
        </p>
        <p>
            <em type="italic">
                kveenit
            </em>
        </p>
        <p>
            , fordi nordmenn allment kalte dem
        </p>
        <p>
            <em type="italic">
                kven
            </em>
        </p>
        <p>
            . Men da jeg ble kjent med disse menneskene, så oppdaget jeg at de mente jeg var
        </p>
        <p>
            <em type="italic">
                suomalainen
            </em>
        </p>
        <p>
            , men de tenkte at det ordet ikke passet på dem, for ikke bor de i Finland (
        </p>
        <p>
            <em type="italic">
                Suomi
            </em>
        </p>
        <p>
            ), og ikke er de født der heller, som jeg var. Om jeg hørte noe eget navn som de ga seg selv, så var det
        </p>
        <p>
            <em type="italic">
                lantalainen
            </em>
        </p>
        <p>
            ‘kven’. Det norske ordet
        </p>
        <p>
            <em type="italic">
                kven
            </em>
        </p>
        <p>
            passet heller ikke ordentlig i munnen på dem. Mange mente at ordet
        </p>
        <p>
            <em type="italic">
                kven
            </em>
        </p>
        <p>
            var vanskelig å forklare, kanskje det var ei sånn blanding, kunne det være om en som delvis var av samiske slekt. Men
            <span type="quote">
                «storfinlender»
            </span>
        var et navn som noen brukte om seg selv på norsk.
        </p>
        <p>
            Men altakvenenes språk var så visst
        </p>
        <p>
            <em type="italic">
                suomi
            </em>
        </p>
        <p>
            ‘finsk’, det var klart. Og nå skulle jeg altså begynne å lære finnmarkingene finsk, slik at de på ny kunne lære sitt eget morsmål, og også begynne å skrive det. Det var blitt ei bedre tid for minoriteten, trodde jeg.
        </p>
        <p>
            <em type="bold">
                Feltarbeid
            </em>
        </p>
        <p>
            For meg gikk det heldigvis raskt å bli kjent med Nord-Norges
            <span type="quote">
                «finlendere»
            </span>
        . Så snart jeg var kommet til Alta, ringte Ivar Bjørklund meg. Han holdt på å skrive Kvænangens historie. Noen hadde fortalt han at det nå var et kvinnfolk på høgskolen i Alta som var vant med feltarbeid og å samle stedsnavn. Han ville ha meg til Kvænangen, der han selv bodde med familien sin den gangen. Jeg dro gjerne. Og der fikk jeg i løpet av noen dager prata med en hel gjeng gamle kvener, og fikk raskt mer enn 600 stedsnavn
        </p>
        <p>
            2
        </p>
        <p>
            av dem.
        </p>
        <p>
            Den første vinteren fikk jeg også i oppgave fra Finland å samle ord til Det europeiske språkatlaset (Atlas Linguarum Europae). Det var et stort europeisk prosjekt der målet var å samle alle de viktigste begrepa i alle språk og i alle dialektområder i Europa. Det var ei liste på 546 begrep, og jeg skulle spørre om dem i Alta, Storfjord og Vadsø. Det var virkelig et morsomt arbeid: Jeg hadde en utmerket anledning til å bli kjent med kvenene i Nord-Norge fra øst til vest, og også på midten. Den gangen, i 1980, var det ennå lett å finne språkmektige folk på alle disse stedene. I Storfjord gikk jeg naturligvis først for å snakke med den gamle språkmesteren og grensekjøpmannen Anton Sommerseth, som allerede Samuli Paulaharju på 1920-tallet hadde brukt som kontaktmann da han skrev bøkene om finlenderne i Norge. Anton viste meg videre til andre språkmektige. I Vadsø hadde jeg kibergsværingen Irene Andreassen som lokalkjent. Henne hadde jeg allerede nådd å bli kjent med, fordi hun var timelærer i finsk på høgskolen sitt kurs i Vadsø.
        </p>
        <p>
            Kvenene i Alta kjente jeg ikke ennå, men min kollega Suoma Jantunen leide hybel på loftet til Emilie Mathilassi i Bossekop. Emilie var en utmerket språkbruker, og hun viste meg videre til andre som prata finsk. Resten var lett: Når jeg gikk inn i et hus, så ga de meg vink om neste hus. På hvert sted fantes det folk som kunne språket. Og folk var så gjestfrie og tok godt imot meg. Høgskolen var den gangen ny, bare et par år gammel, og flere var skeptiske til hele skolen.
            <span type="quote">
                «Dit kommer det så mange søringer, og de er så rare folk.»
            </span>
        Til det sa jeg:
            <span type="quote">
                «Søring er jeg sjøl også som kommer fra Åbo, fra Sør-Finland.»
            </span>
        Men til det svarte altaværingene at
            <span type="quote">
                «Aldri er ei jente fra Finland en søring.»
            </span>
        Og derfor ble jeg straks som en av Altas egne jenter – i hvert fall føltes det slik.
        </p>
        <p>
            Det var slik i Alta at jeg så to ulike lag oppå hverandre: de gamle altaværingene som kjente stedets historie, dets flerkulturelle levemåte, dets gamle næringer, hele den gamle folkekulturen og stedets eget finske språk, og naturligvis alle de
            <span type="quote">
                «ekte»
            </span>
        altaværingene. Så var det kommet et nytt lag oppå, helt nye og fremmede folk, som naturligvis begynte å dekke over det
            <span type="quote">
                «ekte»
            </span>
        Alta, og som ikke visste noe om stedes ånd. Jeg syntes jeg var virkelig heldig som, selv om jeg var en slags søring og arbeidet på høgskolen, likevel gjennom feltarbeidet fikk et vindu inn til det gamle Alta, der jeg kunne kikke ned i det dypere laget. Og det gamle Alta var så spennende, så lærerikt og selvfølgelig, for en søring som jeg – eller jenta fra Finland – også veldig eksotisk.
        </p>
        <p>
            <em type="bold">
                Hvor godt forsto vi så hverandre?
            </em>
        </p>
        <p>
            Jeg kunne temmelig bra svensk da jeg kom til Alta. Jeg hadde lest svensk på skolen, jobbet et par somre i Sverige og også et par-tre somre i en finlandssvensk kommune i Finland. Dessuten hadde jeg mange åbosvenske kamerater og til og med en åbosvensk ektemann. Derfor var det ikke vanskelig å klare meg på norsk. Så snart jeg var kommet til Alta, ringte en gammel arbeidskamerat fra Åbo universitet, Jussi Kallio, og spurte hvordan det gikk med meg og norsken. Ja sa at
            <span type="quote">
                «Ikke så verst, folk forstår min svensk, men det er litt vanskeligere for meg å forstå hva de sier til meg.»
            </span>
        Til det svarte Jussi at
            <span type="quote">
                «Ja, sånn har det vært for deg i hjemlandet også, det der er vel ikke noe nytt.»
            </span>
        Hva mente han nå med det?
        </p>
        <p>
            Men for å være ærlig, så var det mye lettere å forstå folk fra Nord-Norge når de prata enn østlendinger og vestlendinger. I mine ører lød det som om folk fra Nord-Norge snakka tydelig, de
            <span type="quote">
                «gnelte»
            </span>
        ikke, som de sørfra. Det beste for meg var at samisklærer Odd Mathis Hætta var den som først ga meg innføring i høgskolesystemet. Han snakka nesten like tydelig som en finlandssvensk og kunne litt finsk også. Jeg hadde på den måten en forholdsvis myk landing i norsk.
        </p>
        <p>
            Hvordan var det så å forstå den finske dialekten i Alta? Jeg hadde jo studert finske dialekter, og i den forbindelsen også litt om de nordfinske dialektene. Jeg hadde likevel hørt lite av dem. Men det gikk bra. Til meg sa mine språkmestere at det var lettere å forstå min åbodialekt enn det språket som de prata i finsk radio. Det er klart at i min åbodialekt er det ikke så mange nykonstruerte ord som i det finske skriftspråket, og vi har nesten alle de samme svenske lånorda i de vestfinske dialektene som det også er i kvensk. Særlig i kvænangsdialekten fantes det også mange samiske lånord, men likevel ikke så mange at jeg ikke skulle ha forstått språket deres. Og det jeg ikke forsto, det spurte jeg om.
        </p>
        <p>
            Det plaget meg mye når noen av informantene kalte sitt eget språk for
            <span type="quote">
                «skitfinsk»
            </span>
        («
        </p>
        <p>
            <em type="italic">
                paskasuomi
            </em>
        </p>
        <p>
            »). Eller de sa at
            <span type="quote">
                «Dette er ikke noe ordentlig språk, det er verken finsk eller norsk, dette er bare en slags blanding.»
            </span>
        Jeg synes at denne dårlige oppfatninga var vanligere i Øst-Finnmark enn i Alta, kanskje fordi storsamfunnets press hadde vært sterkest der. Men jeg hørte også at kvenene hadde hørt slik negativ karakteristikk av folk fra Finland. Slikt er naturligvis veldig vondt for folk sin selvfølelse.
        </p>
        <p>
            Men noen sannhet i utskjellinga var det ikke. De finske dialektene i Finnmark er allment nærmere finsk skriftspråk enn f.eks. min egen åbodialekt, og de norske lånorda var det hos eldre folk så få av, at det virkelig forbauset meg. Dette merket jeg med én gang da jeg begynte med feltarbeid og samla begrep til Det europeiske språkatlaset. Grunnordforrådet var nesten i sin helhet like kjent for meg, om ikke alle fra det finske skriftspråket, så i alle fra i de finske dialektene. Og altaspråket var veldig tydelig og fint, jeg riktig nøt å høre det.
        </p>
        <p>
            <em type="bold">
                Hvor bodde altakvenene?
            </em>
        </p>
        <p>
            Altakvenene hadde i gammel tid sine egne bygder der de bodde. Det var på ingen måte snakk om noen
            <span type="quote">
                «etnisk rensning»
            </span>
        , men årsaken var den at de hadde andre næringer og levemåte enn stedets norske og samiske befolkning. For dem var de viktigste tingene at det fantes ei lakseelv, en furuskog og muligheter for jordbruk
        </p>
        <p>
            3
        </p>
        <p>
            . De var dyktige laksefiskere, bodde i tømmerhus og var vant med å dyrke korn og bruke kumøkk som gjødsel. Til dette passet de store elvedalene i botnen av Altafjorden.
        </p>
        <p>
            Jeg har, ved hjelp av landmåler Christian Frost Bredals protokoll til den første jordmatrikkelen i Alta, gjort rede for hvor kvenene hadde sine hus på 1700-tallet, og hvor deres jorder var
        </p>
        <p>
            4
        </p>
        <p>
            . Alta var den første plassen i Finnmark der man begynte å dele jord etter kongelig resolusjon av 8. juni 1775
        </p>
        <p>
            5
        </p>
        <p>
            . Bredal skrev samvittighetsfullt ned de navna som bøndene fortalte han, og derfor er det forholdsvis enkelt å se om eieren var finsk-, samisk- eller norsktalende. Mange av disse navna er bevart helt til våre dager som jordeiendommens offentlige navn, og de finnes i flere matrikler. Skrivemåten har likevel vært vekslende, og ofte er det også slik at skrivemåten til navnet er endret så mye at navnet er vanskelig å forstå
        </p>
        <p>
            6
        </p>
        <p>
            .
        </p>
        <p>
            På den tida da Bredal gjorde sitt landmålerarbeid, var husene for det meste mellom Elvebakken (
        </p>
        <p>
            <em type="italic">
                Joensuu
            </em>
        </p>
        <p>
            ) og Øvre Alta (
        </p>
        <p>
            <em type="italic">
                Ylipää
            </em>
        </p>
        <p>
            ), de fleste på vestsida av elva. Det var jordstykker også langs andre elvedaler, særlig i Tverrelvdalen (
        </p>
        <p>
            <em type="italic">
                Fallijoki
            </em>
        </p>
        <p>
            ).
        </p>
        <p>
            Da jeg dro rundt i Alta og samla stedsnavn, så var den største kvenbygda Elvebakken (
        </p>
        <p>
            <em type="italic">
                Joensuu
            </em>
        </p>
        <p>
            ). Mine navnemestere der fortalte at det alltid var Elvebakken som kvenene først kom til i Alta. Når de så hadde sett litt på hva slags sted Alta var og syntes det var et bra sted, så skaffet de seg jord der hvor det var mulig å få. Ennå i mellomkrigstida var etter sigende Elvebakken en såpass kvensk plass at de nordmennene som bodde der lærte seg finsk. Selv fikk jeg straks merke det av en møbelhandler på Elvebakken, som jeg kjøpte de første møblene hos til mitt nye hjem. Han snakket helt flytende finsk, sjøl om han sa han ikke hadde finsk blod. Man måtte bare lære finsk for å klare seg.
        </p>
        <p>
            Elvebakkvenene hadde før i tida hatt slåttemarker og setre spesielt i Tverrelvdalen, i tillegg til i Altadalen. På 1800-tallet begynte det å flytte folk sørfra til Tverrelvdalen, særlig fra Trøndelag. Det førte til litt uoverensstemmelse mellom elvebakkinger og tverrelvdalinger, for eksempel at tverrelvdalingene gjerne omtalte Elvebakken som
        </p>
        <p>
            <em type="italic">
                Tuppikaupunki
            </em>
        </p>
        <p>
            (
        </p>
        <p>
            <em type="italic">
                tuppi
            </em>
        </p>
        <p>
            ‘(kniv)slire;
        </p>
        <p>
            <em type="italic">
                kaupunki
            </em>
        </p>
        <p>
            ‘by’) – kanskje fordi knivene altfor lett kom fram der, etter tverrelvdalingenes meining. Elvebakkingene, på sin side, kalte tverrelvdalingene litt negativt for
        </p>
        <p>
            <em type="italic">
                taatsa
            </em>
        </p>
        <p>
            (jf. samisk
        </p>
        <p>
            <em type="italic">
                dáža
            </em>
        </p>
        <p>
            ‘nordmann’).
        </p>
        <p>
            Mine navnemestere fortalte at tidligere var også østsida av Altaelvas munning kalt for
        </p>
        <p>
            <em type="italic">
                Joensuu
            </em>
        </p>
        <p>
            (‘Elvemunning’). Nå kalles området
        </p>
        <p>
            <em type="italic">
                Poikkijoki
            </em>
        </p>
        <p>
            eller
        </p>
        <p>
            <em type="italic">
                Kruunsta
            </em>
        </p>
        <p>
            7
        </p>
        <p>
            . Navnet
        </p>
        <p>
            <em type="italic">
                Poikkijoki
            </em>
        </p>
        <p>
            forklarte de meg slik, at sett fra vestsida måtte man
            <span type="quote">
                «over elva»
            </span>
        for å komme til
        </p>
        <p>
            <em type="italic">
                Poikkijoki
            </em>
        </p>
        <p>
            . Jeg tror likevel at navnet opprinnelig kommer av at Tverrelva sin gamle munning var på det stedet og rant ut i Altaelva, litt før der Altaelva nå renner ut i fjorden
        </p>
        <p>
            8
        </p>
        <p>
            . Om Kronstad-navnet visste man at der hadde den gamle distriktskirurgen hatt gården sin, og at navnet kom derav.
        </p>
        <p>
            Når man drar videre oppover Altaelva, så er navnet på den neste gamle kvenbygda Aronnes,
        </p>
        <p>
            <em type="italic">
                Aaroninniemi
            </em>
        </p>
        <p>
            . Særlig elvebakkingene brukte navnet
        </p>
        <p>
            <em type="italic">
                Piikkiniemi
            </em>
        </p>
        <p>
            (
        </p>
        <p>
            <em type="italic">
                piikki
            </em>
        </p>
        <p>
            ‘pigg, tagg, spiss’;
        </p>
        <p>
            <em type="italic">
                niemi
            </em>
        </p>
        <p>
            ‘nes’) om stedet. Noen av mine informanter meinte at navnet kom av at elva lager et spisst nes der, ifølge andre var det en spiss stein ytterst på neset som er navnets opprinnelse. Men jeg ble også fortalt av en elvebakking at aronnesværingene har hatt et lignende rykte hos elvebakkingene, som det elvebakkingene hadde hos tverrelvdalingene, og at navnet
        </p>
        <p>
            <em type="italic">
                Piikkiniemi
            </em>
        </p>
        <p>
            skulle komme av at der svingte
            <span type="quote">
                «piggene»
            </span>
        , eller knivene, ofte. Det offisielle navnet Aronnes kom naturligvis av, fortalte de gamle, at det bodde et menneske der på 1600-tallet som het Aron. Den mest kjente aronnesværing er likevel Lannan Nilla eller Knud Qvæn, som flyttet hit på begynnelsen av 1700-tallet. Om han fortalte gamle altaværinger ennå at han hatt satt seg opp mot
            <span type="quote">
                «den onde amtmannen»
            </span>
        , Rasmus Kieldsen
        </p>
        <p>
            9
        </p>
        <p>
            , og av den grunn havnet i fengsel i Vardø. Men etter at Lannan Nilla hadde reist til København for å klage til kongen, var
            <span type="quote">
                «den onde amtmannen»
            </span>
        forvist fra Alta. Denne fortellinga kan man lese om i Just Qvigstads bok Finske fortellinger fra Kvænangen og Nord-Reisa
        </p>
        <p>
            10
        </p>
        <p>
            .
        </p>
        <p>
            Det var bygd en stor gård for amtmannen i Finnmark akkurat på amtmann Kieldsen sin tid. Men mine navnemestere omtalte ikke gården etter amtmannen, men for
        </p>
        <p>
            <em type="italic">
                Paavinkartano
            </em>
        </p>
        <p>
            (
            <span type="quote">
                «Pavens gård»
            </span>
        , på norsk Altagård), pga. at katolikkene drev misjonsarbeid der på 1800-tallet og holdt hus i den bygninga, som man fortalte
        </p>
        <p>
            11
        </p>
        <p>
            . Da jeg bodde i Alta huset
        </p>
        <p>
            <em type="italic">
                Paavinkartano
            </em>
        </p>
        <p>
            militæret.
        </p>
        <p>
            Fra Aronnes oppover elva er den neste større kvenbygda
        </p>
        <p>
            <em type="italic">
                Keskiranta
            </em>
        </p>
        <p>
            (‘Midtstrand’, på norsk Elvestrand). Navnet passer godt på stedet, for det ligger akkurat halvveis når man kjører fra Elvebakken og til den øverste kvenbygda som heter Øvre Alta, eller
        </p>
        <p>
            <em type="italic">
                Ylipää
            </em>
        </p>
        <p>
            på kvensk (
        </p>
        <p>
            <em type="italic">
                yli
            </em>
        </p>
        <p>
            ‘øvre’). Øvre Alta er lenger opp enn Aronnes, som derfor også er blitt kalt
        </p>
        <p>
            <em type="italic">
                Alapää
            </em>
        </p>
        <p>
            (
        </p>
        <p>
            <em type="italic">
                ala
            </em>
        </p>
        <p>
            ‘nedre’). Litt oppfor Øvre Alta renner Eibyelva ned i Altaelva. Langs Eibyelva har det også vært gammel bebyggelse, men der har alle beboerne vært norske.
        </p>
        <p>
            På 1700-tallet bodde nesten alle de kvenske bøndene på vestsida av Altaelva. I tillegg til de bygdene som er nevnt ovenfor, har kvenene hatt hustomter på
        </p>
        <p>
            <em type="italic">
                Isoaita
            </em>
        </p>
        <p>
            (Storgjerdet). På østsida av elva har det vært kvenske hus bare i
        </p>
        <p>
            <em type="italic">
                Paskapuas
            </em>
        </p>
        <p>
            (Skitkjosen/Kjosen) og på
        </p>
        <p>
            <em type="italic">
                Saari
            </em>
        </p>
        <p>
            (Holmen).
        </p>
        <p>
            Seinere har kvenene bosatt seg også andre steder i Alta. Jeg fant kvenske informanter på østsida av Altaelva, fra
        </p>
        <p>
            <em type="italic">
                Raippanen
            </em>
        </p>
        <p>
            (Raipas) til
        </p>
        <p>
            <em type="italic">
                Mousunsaari
            </em>
        </p>
        <p>
            ( Mosesholmen).
        </p>
        <p>
            <em type="italic">
                Raippanen
            </em>
        </p>
        <p>
            har fått navn etter fjellet med samme navn, og om
        </p>
        <p>
            <em type="italic">
                Mousunsaari
            </em>
        </p>
        <p>
            fortalte man meg at det på 1700-tallet hadde bodd en mann som het
        </p>
        <p>
            <em type="italic">
                Mousu
            </em>
        </p>
        <p>
            eller
        </p>
        <p>
            <em type="italic">
                Mooses
            </em>
        </p>
        <p>
            . Ennå ble folk på stedet kalt for
        </p>
        <p>
            <em type="italic">
                Mousun väki
            </em>
        </p>
        <p>
            (Mousu-folket).
        </p>
        <p>
            Også i fjordbotnen vokste det opp kvenske bygder. I Transfarelv (
        </p>
        <p>
            <em type="italic">
                Kaitunen
            </em>
        </p>
        <p>
            ) fant jeg solide språkbrukere og navnekyndige, de gamle Eriksen-brødrene, som hadde bodd hele livet på samme sted. Der var det eneste stedet i Alta – og i hele Nord-Norge – at jeg så ei ordentlig gammeldags røykbadstu som lå så fint ved bredden av Transfarelva (
        </p>
        <p>
            <em type="italic">
                Kaitusjoki
            </em>
        </p>
        <p>
            ). Brødrene fortalte også at i gamle dager var det bare kvenene som var reine i Alta, fordi de gikk i sauna hver uke og vaska hele kroppen da. De norske skylte etter sigende bare ansiktet i et vaskefat, og det var det hele. Brødrene ba meg å komme til dem en gang for å gå i sauna, de skulle så visst fyre opp i den røykbadstua. Det gikk lang tid før jeg igjen hadde anledning å dra dit. Da var bare den yngste av brødrene igjen, han sa at
            <span type="quote">
                «gamlingen»
            </span>
        – som han kalte sin eldre bror – var død.
            <span type="quote">
                «Han venta så at du skulle komme på besøk, men han nådde å dø før du kom igjen.»
            </span>
        Jeg ble ordentlig trist, og den ekte kvenske røykbadstua forble uprøvd for meg.
        </p>
        <p>
            Navnet
        </p>
        <p>
            <em type="italic">
                Kaitunen
            </em>
        </p>
        <p>
            var ifølge brødrene kommet av at dalen som går opp til fjellet liksom ble smalere og smalere (
        </p>
        <p>
            <em type="italic">
                kaittuut
            </em>
        </p>
        <p>
            ‘å bli smalere’).
        </p>
        <p>
            På nordsida av fjordbotnen, i Rafsbotn (
        </p>
        <p>
            <em type="italic">
                Rässivuono
            </em>
        </p>
        <p>
            ), traff jeg også lett på finskspråklige. Navnet
        </p>
        <p>
            <em type="italic">
                Rässivuono
            </em>
        </p>
        <p>
            kommer av at stranda her er svakt hellende, den er
            <span type="quote">
                «rässiä»
            </span>
        , det vil si den er innimellom under vann og innimellom bar (
        </p>
        <p>
            <em type="italic">
                rässi
            </em>
        </p>
        <p>
            ‘lav sjøstrand, utleire; stor, flat fjære med leirbotn’).
        </p>
        <p>
            Om språkforholda på stedet fortalte en mann meg som den gangen var over 80 år, at han hadde gått på ski tre ganger forbi Rafsbotn. Den første gangen – da han bare var en liten gutt – så hørte han at man bare snakka samisk der. Den andre gangen var han en voksen mann, og da prata folk bare finsk. Den siste gangen, da han allerede var en gammel mann, så prata man bare norsk der. Professor i finsk og samisk i Oslo, eller Kristiania, Jens Andreas Friis, lagde et etnografisk kart
        </p>
        <p>
            12
        </p>
        <p>
            over Nord-Norge på 1860-tallet, og her kan man se at i Rafsbotn har det vært omtrent like mange kvenske og samiske familier og ingen norske familier i det hele tatt. Alle har likevel da kunnet finsk, både kvener og samer. Men ikke var det finske språket forsvunnet den gangen da jeg ferdes der heller. Det var bare slik at til fremmede snakka man norsk, men til dem som sjøl henvendte seg på finsk til folk, så svarte man også på finsk.
        </p>
        <p>
            Da jeg reiste rundt på nordsida av fjorden, fantes det nok ei lita bygd, nemlig
        </p>
        <p>
            <em type="italic">
                Ruoslahti
            </em>
        </p>
        <p>
            (Russeluft). Der fortalte man at bygda hadde fått navnet på grunn av
            <span type="quote">
                «russerøvere»
            </span>
        </p>
        <p>
            13
        </p>
        <p>
            . De hadde vært på røvertokt og ville gå over Altneset til Rafsbotn-sida. De hadde fått med seg en veiviser som skulle føre dem over fjellet. Veiviseren gikk med en fakkel i hånda og
            <span type="quote">
                «russerøvere»
            </span>
        fulgte etter han. Men da de kom til stedet ved et bratt berg der fjellveggen stuper rett ned, så kasta veiviseren fakkelen over berget, og
            <span type="quote">
                «russerøverne»
            </span>
        fulgte etter, falt i havet og de døde alle. Fortellinga er ei tradisjonell fortelling, som særlig er forbundet med samer. Hvem som opprinnelig har knyttet denne fortellinga til Russeluft, det vet man ikke. Men ifølge Friis sitt etnografiske kart var det bare ett hus i Russeluft på 1860-tallet, og der bodde det en kvensk familie.
        </p>
        <p>
            Kvenene bodde naturligvis også andre steder i Alta, også da jeg arbeidet der. I Bukta, i Bossekop, på Apanes (
        </p>
        <p>
            <em type="italic">
                Aapana
            </em>
        </p>
        <p>
            ) og alle andre steder. På 1800-tallet bodde de særlig i Kåfjord (
        </p>
        <p>
            <em type="italic">
                Kaavuono
            </em>
        </p>
        <p>
            ) der de arbeidet i koppergruva. Friis har på sitt etnografiske kart merket av at det på 1860-tallet var om lag 100 kvenske familier i Kåfjord, nesten ingen av dem prata norsk, og om lag 30 norske familier der nesten alle også kunne finsk. Ifølge samme kart bodde det i botnen av Langfjorden (
        </p>
        <p>
            <em type="italic">
                Lankovuono
            </em>
        </p>
        <p>
            ) nesten bare kvener, andre steder langs Langfjorden bodde det nordmenn og samer. Jeg hørte at i Langfjorden kunne man finsk ennå på begynnelsen av 1980-tallet da jeg samla stedsnavn. Jeg er skikkelig forarget over at jeg ikke samla navn der. Mange navn gikk sikkert tapt.
        </p>
        <p>
            Til sammen samla jeg nærmere 1000 stedsnavn i Alta. Mange fler hadde jeg sikkert kunne finne den gangen om jeg hadde funnet alle navnemesterne og forstått å spørre bedre.
        </p>
        <p>
            Kvenenes gamle næringer, jordbruk og laksefiske, kommer tydelig til syne i stedsnavna deres. Jeg skal nedenfor fortelle om litt navn tilknyttet jordbruket, dvs. navn på åkrer, enger og utmarksslåtter.
        </p>
        <p>
            <em type="bold">
                Bøndene og deres jorder
            </em>
        </p>
        <p>
            Major Peter Schnitler, som på 1740-tallet reiste rundt for å undersøke grensa mot Sverige, skreiv dette om Alta:
        </p>
        <p>
            <em type="italic">
                Det eeneste Sted, hvor har fundet Ager-Dyrkning og Korn-Vext, har været i Vest-Finmarken ved Altens Elv paa Elv-Brædene, hvor i forrige Svenske-Russiske krige en 16 Qvæner, (saa kaldes her i Landet de fra Torne-Lapland og Ost-Finland overkommende Svenske Bønder) paa privative-Norsk grund sig have nedsatt, og, som de ere gode Avels-Mænd, dyrket Jorden, at der faaes Korn.
            </em>
        </p>
        <p>
            14
        </p>
        <p>
            Altakvenene hadde den gangen gjødslete og pløyde kornåkrer der de dyrket matkorn, for det meste bare bygg – andre sorter korn når ikke å modnes. Samuli Paulaharju beretter i boka si Ruijan suomalaisia
        </p>
        <p>
            15
        </p>
        <p>
            [svensk oversettelse Finnmarkens folk] at kvenene i Alta utviklet en helt egen byggsort som modnet hurtigere enn andre byggsorter.
        </p>
        <p>
            Åkrene har nok vært ganske små og vanligvis helt i nærheten av huset. Den gangen jeg spurte etter navn i Alta, så var det slutt på korndyrkinga. Men noen åkernavn fikk jeg likevel av mine navnemestere, som f.eks.
        </p>
        <p>
            <em type="italic">
                Pekkalanpelto
            </em>
        </p>
        <p>
            (
        </p>
        <p>
            <em type="italic">
                pelto
            </em>
        </p>
        <p>
            ‘åker’) på Elvebakken,
        </p>
        <p>
            <em type="italic">
                Matinvainio
            </em>
        </p>
        <p>
            (
        </p>
        <p>
            <em type="italic">
                vainio
            </em>
        </p>
        <p>
            ‘voll’) og
        </p>
        <p>
            <em type="italic">
                Ylivainio
            </em>
        </p>
        <p>
            på Aronnes og
        </p>
        <p>
            <em type="italic">
                Tramperinvainio
            </em>
        </p>
        <p>
            på Elvestrand. Vi ser at åkrene ofte har fått navn etter eieren.
        </p>
        <p>
            <em type="italic">
                Pekkalanpelto
            </em>
        </p>
        <p>
            har, etter det jeg fikk høre, tilhørt en finlender som het Pekkala; i Øst-Finnmark har det bodd flere som het Pekkala eller Bekkala
        </p>
        <p>
            16
        </p>
        <p>
            , men i Alta har jeg ikke funnet noen med det navnet.
        </p>
        <p>
            <em type="italic">
                Matti
            </em>
        </p>
        <p>
            er et helt vanlig mannsnavn, og en Matti skal ha dyrket korn på Matinvainio. Den som dyrka korn på Tramperinvainio kan ha vært en eller annen Tramberg eller Tranberg, begge navn blir av kvenene uttalt som
        </p>
        <p>
            <em type="italic">
                Tramperi
            </em>
        </p>
        <p>
            . Etter navnet
        </p>
        <p>
            <em type="italic">
                Ylivainio
            </em>
        </p>
        <p>
            (
        </p>
        <p>
            <em type="italic">
                yli
            </em>
        </p>
        <p>
            ‘øvre’) å dømme, kan man tro det også har vært ei eng med navnet *
        </p>
        <p>
            <em type="italic">
                Alavainio
            </em>
        </p>
        <p>
            (
        </p>
        <p>
            <em type="italic">
                ala
            </em>
        </p>
        <p>
            ‘nedre’). Men det navnet har jeg ikke funnet.
        </p>
        <p>
            Kvenene har også et helt eget spesielt ord,
        </p>
        <p>
            <em type="italic">
                karkea
            </em>
        </p>
        <p>
            , som betyr ‘gjødslet og pløyd eng’, til skilnad fra kornåker. Jeg har likevel ikke fått noen åker- eller engnavn fra mine navnemestere der dette ordet er med, sjøl om navnemesterne både kjente og brukte dette ordet. Man kan likevel tenke seg at bak Gargia-navnet, eller
        </p>
        <p>
            <em type="italic">
                Karkia
            </em>
        </p>
        <p>
            på altakvenenes språk, er nettopp dette ordet; i dialekten er av og til
        </p>
        <p>
            <em type="italic">
                ea
            </em>
        </p>
        <p>
            eller
        </p>
        <p>
            <em type="italic">
                eä
            </em>
        </p>
        <p>
            i slutten av et ord blitt til
        </p>
        <p>
            <em type="italic">
                ia
            </em>
        </p>
        <p>
            eler
        </p>
        <p>
            <em type="italic">
                iä
            </em>
        </p>
        <em type="bold">
            17
        </em>
        <p>
            <em type="italic">
                .
            </em>
        </p>
        <p>
            Navnet er uansett vanskelig å forklare ut fra samisk eller norsk bakgrunn.
        </p>
        <p>
            Slåttemarker, både hjemmejorder og utmarksslåtter, hadde kvenene mange av. Det vanligste etterleddet i disse navna er
        </p>
        <p>
            <em type="italic">
                kenttä
            </em>
        </p>
        <p>
            , som ifølge mine navnemestere betydde den typer jorder som er gjødsla og slått. Men nesten alle de navna som ender på
        </p>
        <p>
            <em type="italic">
                kenttä
            </em>
        </p>
        <p>
            som jeg har registrert, er i Tverrelvdalen, og de har i årene 1777 og 1778, ifølge landmålerprotokollene, vært utmarksslåtter til kvenene fra Elvebakken og elvedalen. Det andre stedet der man særlig finner
        </p>
        <p>
            <em type="italic">
                kenttä
            </em>
        </p>
        <p>
            -navn, er i Transfarelv, der det ifølge landmålerprotokollene i 1777 og 1778 bare har vært utmarksslåtter
        </p>
        <p>
            18
        </p>
        <p>
            . Jeg tror at ordet
        </p>
        <p>
            <em type="italic">
                kenttä
            </em>
        </p>
        <p>
            fra begynnelsen av har betydd det samme som hos folk ved Torneelva, eller med andre ord et sted der man midlertidig har hatt opphold for å slå høy. På
        </p>
        <p>
            <em type="italic">
                kenttä
            </em>
        </p>
        <p>
            -plassene bygde man koier der man måtte bo i dagevis, og av og til for ei enda lengre tid. Det var jo nemlig slik at tidligere måtte man slå alt det vesle høyet og kjerringrokken som vokste på myrene og i elvedalene for at dyra skulle få nok mat over vinteren.
        </p>
        <p>
            Slike
        </p>
        <p>
            <em type="italic">
                kenttä
            </em>
        </p>
        <p>
            -navn finnes f.eks. i Transfarelv, som
        </p>
        <p>
            <em type="italic">
                Alakenttä
            </em>
        </p>
        <p>
            og
        </p>
        <p>
            <em type="italic">
                Ylikenttä
            </em>
        </p>
        <p>
            (1778 Alakente og Ølikente, 1983 Alakenttæ og Ylikenttæ). Der er også et jorde som kalles
        </p>
        <p>
            <em type="italic">
                Erkinkenttä
            </em>
        </p>
        <p>
            (1778 Ergentie, 1983 Erkente). Man sa om det navnet at
            <span type="quote">
                «Det har nok vært en Erkki som slo høy der»
            </span>
        . Forklaringa til navnet er altså bevart, sjøl om denne Erkki må ha levd lenge før protokollen ble skrevet, for etter landmålerprotokollen var jorda da i eie hos en Jon Monsen. Ved bredden av Tverrelva finner vi ei slåttemark som har navnet
        </p>
        <p>
            <em type="italic">
                Heikankenttä
            </em>
        </p>
        <p>
            , som informanten forbandt med kvenen
        </p>
        <p>
            <em type="italic">
                Iso-Heikka
            </em>
        </p>
        <p>
            (
        </p>
        <p>
            <em type="italic">
                iso
            </em>
        </p>
        <p>
            ‘stor’), som skal ha dødd på 1880-tallet. Navnet finnes likevel allerede i 1778-protokollen med skrivemåten
        </p>
        <p>
            <em type="italic">
                Heikakent
            </em>
        </p>
        <p>
            (1983
        </p>
        <p>
            <em type="italic">
                Heikinkenttä
            </em>
        </p>
        <p>
            ). I Tverrelvdalen finnes også f.eks.
        </p>
        <p>
            <em type="italic">
                Juomakenttä
            </em>
        </p>
        <p>
            (1778
        </p>
        <p>
            <em type="italic">
                Jomokent
            </em>
        </p>
        <p>
            ), der det ble sagt at man ga kyrne og hestene vatn (jf.
        </p>
        <p>
            <em type="italic">
                juoma
            </em>
        </p>
        <p>
            ‘drikke’), og
        </p>
        <p>
            <em type="italic">
                Karhukenttä
            </em>
        </p>
        <p>
            (
        </p>
        <p>
            <em type="italic">
                karhu
            </em>
        </p>
        <p>
            ‘bjørn’) (1778
        </p>
        <p>
            <em type="italic">
                Karhogent
            </em>
        </p>
        <p>
            ), der det sikkert har vært en bjørn og laget leven
        </p>
        <p>
            19
        </p>
        <p>
            . Der er det også ei slåttemark som kalles
        </p>
        <p>
            <em type="italic">
                Itkukenttä
            </em>
        </p>
        <p>
            (1778
        </p>
        <p>
            <em type="italic">
                Itkokent
            </em>
        </p>
        <p>
            ;
        </p>
        <p>
            <em type="italic">
                itku
            </em>
        </p>
        <p>
            ‘gråt’), men ingen husket hvem som hadde grått der.
        </p>
        <p>
            Naturligvis er det også andre slags slåttenavn. I Tverrelvdalen finnes slåttemarknavna
        </p>
        <p>
            <em type="italic">
                Saikara
            </em>
        </p>
        <p>
            (1777
        </p>
        <p>
            <em type="italic">
                Saikar
            </em>
        </p>
        <p>
            ,
        </p>
        <p>
            <em type="italic">
                Saikara
            </em>
        </p>
        <p>
            , 1983
        </p>
        <p>
            <em type="italic">
                Saikar
            </em>
        </p>
        <p>
            ) og
        </p>
        <p>
            <em type="italic">
                Saikarantyvi
            </em>
        </p>
        <p>
            (1777
        </p>
        <p>
            <em type="italic">
                Saikaradyvi
            </em>
        </p>
        <p>
            , 1983
        </p>
        <p>
            <em type="italic">
                Sailsardyve
            </em>
        </p>
        <p>
            ) som forteller om at høyet på stedet er oppbevart på høyhesjer
        </p>
        <p>
            20
        </p>
        <p>
            . Navna
        </p>
        <p>
            <em type="italic">
                Formasaura
            </em>
        </p>
        <p>
            (1778
        </p>
        <p>
            <em type="italic">
                Hormasaura
            </em>
        </p>
        <p>
            , 1983
        </p>
        <p>
            <em type="italic">
                Rørneset
            </em>
        </p>
        <p>
            ) i nærheten av Saga (
        </p>
        <p>
            <em type="italic">
                Saha
            </em>
        </p>
        <p>
            ), og
        </p>
        <p>
            <em type="italic">
                Kaalisaura
            </em>
        </p>
        <p>
            (1778
        </p>
        <p>
            <em type="italic">
                Kalisaura
            </em>
        </p>
        <p>
            , 1983
        </p>
        <p>
            <em type="italic">
                Kalisaure
            </em>
        </p>
        <p>
            ) forteller at på utmarksslåttene har man samla
        </p>
        <p>
            <em type="italic">
                horma
            </em>
        </p>
        <p>
            ‘geitrams’ og
        </p>
        <p>
            <em type="italic">
                kaali
            </em>
        </p>
        <p>
            »planteblad» som først ble tørket og så oppbevart i store hauger, dvs. på staur. Derfra var det lett å hente fôret vinterstid. I Tverrelvdalen er det ei slåttemark som kalles
        </p>
        <p>
            <em type="italic">
                Tervahauta
            </em>
        </p>
        <p>
            (‘tjæremile’); der skal det være brent tjære. Et annet liknende slåttenavn er
        </p>
        <p>
            <em type="italic">
                Tervahauantörmä
            </em>
        </p>
        <p>
            (
        </p>
        <p>
            <em type="italic">
                törmä
            </em>
        </p>
        <p>
            ‘bakke’) under Raipas; også der fortalte navnemesterne mine at det hadde vært tjærebrenning.
        </p>
        <p>
            Slåttenavnet
        </p>
        <p>
            <em type="italic">
                Paskapuas
            </em>
        </p>
        <p>
            (
        </p>
        <p>
            <em type="italic">
                paska
            </em>
        </p>
        <p>
            ‘skitt’,
        </p>
        <p>
            <em type="italic">
                puas
            </em>
        </p>
        <p>
            ‘kjos’) (1778 og 1983
        </p>
        <p>
            <em type="italic">
                Paskaput
            </em>
        </p>
        <p>
            ) er også et litt morsomt navn. I samme område er det ei slåttemark som kalles
        </p>
        <p>
            <em type="italic">
                Paskaputhaan Mikonpahan alla
            </em>
        </p>
        <p>
            (‘Skitkjosen under Mikkoberget’; Mikko = Mikael,
        </p>
        <p>
            <em type="italic">
                pahta
            </em>
        </p>
        <p>
            ‘berg’; 1777
        </p>
        <p>
            <em type="italic">
                Boikebuttamikonbaktalla
            </em>
        </p>
        <p>
            ). Et navn kan altså være temmelig langt!
        </p>
        <p>
            <em type="bold">
                Laksefiskerne i Altaelva
            </em>
        </p>
        <p>
            Da jeg kom til Alta i 1979, var kampen om utbygging av Altaelva på sitt hardeste. Det var mange demonstrasjoner, og til Alta kom det også mange folk fra Finland som ville redde elva. Siden jeg bodde høvelig til i Bossekop, så visste jeg aldri hva slags gjeng jeg kunne finne i min egen stue når jeg kom hjem fra jobb. Jungeltelegrafen hadde nådd helt til Finland om at det i Alta var ei finsk dame som man så kunne overnatte hos. Den gangen var det ennå vanlig at man ikke låste døra, den var åpen hele dagen.
        </p>
        <p>
            Demonstrantene hadde bygd en leir i Stilla der jeg også var, men jeg kunne ikke være der så mye ettersom jeg hadde små barn. Jeg kom likevel i kontakt med aksjonistene og la merke til at det også var kvener med. Det var jo ganske naturlig, for langs Altaelva bodde det mange kvener og de hadde alltid fiska laks der. Nå fryktet man at vannkraftutbygginga skulle ødelegge for laksefisket. Vannet i elva kunne bli varmere, og derfor kunne ikke laksen gyte mer der, tenkte man.
        </p>
        <p>
            Og fordi man visste at elva tidligere, i løpet av hundreåra, mange ganger hadde endret løpet sitt, og land var blitt oversvømt, så fryktet folk at det skulle skje igjen. Det finnes et minne om det f.eks. i navnet på ei slåttemark nær munningen til Altaelva, i
        </p>
        <p>
            <em type="italic">
                Pato-outa
            </em>
        </p>
        <p>
            , nemlig
        </p>
        <p>
            <em type="italic">
                Vanhaansuunpaikka
            </em>
        </p>
        <p>
            (‘gammelmunningplassen’) (1777
        </p>
        <p>
            <em type="italic">
                Vanhaso Baika
            </em>
        </p>
        <p>
            , 1983
        </p>
        <p>
            <em type="italic">
                Gammelplassen
            </em>
        </p>
        <p>
            ). Mine navnemestere visste at munningen til Tverrelva i gamle dager hadde vært der. I protokollen fra 1777-1778 finner vi også flere plasser med navnet
        </p>
        <p>
            <em type="italic">
                Vanhaasija
            </em>
        </p>
        <p>
            (‘gammelplassen’); man hadde vært nødt til å flytte husene, fordi elva hadde tatt med seg tomta til det gamle huset. Blant annet har det vært en
        </p>
        <p>
            <em type="italic">
                Vanhaasija
            </em>
        </p>
        <p>
            (1777
        </p>
        <p>
            <em type="italic">
                Vanhasia
            </em>
        </p>
        <p>
            ) i Øvre Alta. På det stedet var det ifølge mine navnemestere et stryk i elva med
        </p>
        <p>
            <em type="italic">
                Uuenreiänniska
            </em>
        </p>
        <p>
            (‘det nye løps fosshode’). Mine navnemestere hadde fra eldre fått høre at elva før hadde gått rundt der, men hadde nå laget seg et nytt løp eller ei åpning, derav navnet. På nåværende
        </p>
        <p>
            <em type="italic">
                Petäjäsaari
            </em>
        </p>
        <p>
            (
        </p>
        <p>
            <em type="italic">
                petäjä
            </em>
        </p>
        <p>
            ‘furu’,
        </p>
        <p>
            <em type="italic">
                saari
            </em>
        </p>
        <p>
            ‘holme, øy’) har det ifølge protokollen fra 1777 vært et jordstykke som kaltes
        </p>
        <p>
            <em type="italic">
                Vanhaasija
            </em>
        </p>
        <p>
            . Det står at det var
            <span type="quote">
                «Vanhasia eller Holmen, som Elwens Øverswømmelse giorde af den forrige boepæl»
            </span>
        . Under Raipas, nær
        </p>
        <p>
            <em type="italic">
                Paskasaari
            </em>
        </p>
        <p>
            , finnes en smal kjos som kalles
        </p>
        <p>
            <em type="italic">
                Vanhaajoki
            </em>
        </p>
        <p>
            . Her skal det tidligere hovedløpet til elva ha vært. Det samme vitner slåttemarkene langs elvedalen som har
        </p>
        <p>
            <em type="italic">
                saari
            </em>
        </p>
        <p>
            ‘holme’ som etterledd i navnet, f.eks.
        </p>
        <p>
            <em type="italic">
                Alasaari
            </em>
        </p>
        <p>
            (
        </p>
        <p>
            <em type="italic">
                ala
            </em>
        </p>
        <p>
            ‘nedre’) i Raipas,
        </p>
        <p>
            <em type="italic">
                Hukansaari
            </em>
        </p>
        <p>
            (
        </p>
        <p>
            <em type="italic">
                hukka
            </em>
        </p>
        <p>
            ‘ulv’) i Viina og
        </p>
        <p>
            <em type="italic">
                Karkiansaari
            </em>
        </p>
        <p>
            i munningen av
        </p>
        <p>
            <em type="italic">
                Karkianoja
            </em>
        </p>
        <p>
            ( Gargiaelva). Disse har tidligere vært holmer, men hører nå til elva sitt strandområde.
        </p>
        <p>
            Kvenene har hatt egne navn på nesten alle fiskeplassene i Altaelva, og det spesielle med disse navna er at når jeg spurte om dem, så var de kjent også blant laksefiskere som ikke kunne finsk.
        </p>
        <p>
            Kvenene brakte med seg en ny fangstmetode der laksen ble fanget med stengsel. Jens Sporring, som på begynnelsen av 1700-talet arbeidet hos amtmannen i Finnmark, skreiv i sin Relation angaaende Finmarken fra 1734 følgende om kvenene i Alta:
        </p>
        <p>
            <em type="italic">
                – – udi aaret 1714 erholte [kvener] öfrighedes tilladelse sig der [i Alta] at nedsette, effterdi De foregav at have videnskab om, hvorledis en Laxe-elv rettelig burde stenges og dermed omgaaes, som De og i dend effterkommende tiid merkelig har udviist, thi De har ved Deris hurtighed temmelig forbedret Laxe-elvens fiskerie
            </em>
        </p>
        <p>
            .
        </p>
        <p>
            21
        </p>
        <p>
            Denne kunsten å lage laksestengsel kommer også til syne i stedsnavna. I Altaelva finnes det flere navn som har med ordet
        </p>
        <p>
            <em type="italic">
                pato
            </em>
        </p>
        <p>
            ‘stengsel’. Eksempel på slike navn er
        </p>
        <p>
            <em type="italic">
                Alapato
            </em>
        </p>
        <p>
            (1778
        </p>
        <p>
            <em type="italic">
                Nedre Stengelse
            </em>
        </p>
        <p>
            ) og
        </p>
        <p>
            <em type="italic">
                Ylipato
            </em>
        </p>
        <p>
            (1777
        </p>
        <p>
            <em type="italic">
                Øvre Stengelse
            </em>
        </p>
        <p>
            ) mellom Peska og Store Raipas (
        </p>
        <p>
            <em type="italic">
                Iso Raippanen
            </em>
        </p>
        <p>
            ). Selv om stengselfisket er slutt for lenge siden, så fortalte mine navnemestere at der hadde det vært laksestengsel. Andre
        </p>
        <p>
            <em type="italic">
                pato
            </em>
        </p>
        <p>
            -navn er
        </p>
        <p>
            <em type="italic">
                Pato-outa
            </em>
        </p>
        <p>
            (
        </p>
        <p>
            <em type="italic">
                outa
            </em>
        </p>
        <p>
            ‘skog’) (1778
        </p>
        <p>
            <em type="italic">
                Battoauda
            </em>
        </p>
        <p>
            , 1983
        </p>
        <p>
            <em type="italic">
                Patiouda
            </em>
        </p>
        <p>
            ,
        </p>
        <p>
            <em type="italic">
                Battoouda
            </em>
        </p>
        <p>
            ) og
        </p>
        <p>
            <em type="italic">
                Patomella
            </em>
        </p>
        <p>
            (
        </p>
        <p>
            <em type="italic">
                mella
            </em>
        </p>
        <p>
            ‘elvemel’) på Kronstad der Tverrelva tidligere har rent ut i Altaelva. Også i Transfarelv har det vært laksestengsel, et minne om det er slåttenavnet
        </p>
        <p>
            <em type="italic">
                Patokenttä
            </em>
        </p>
        <p>
            (1778
        </p>
        <p>
            <em type="italic">
                Battokent
            </em>
        </p>
        <p>
            , 1983
        </p>
        <p>
            <em type="italic">
                Battokenta
            </em>
        </p>
        <p>
            ).
        </p>
        <p>
            Om en annen gammel fiskemetode forteller navnet
        </p>
        <p>
            <em type="italic">
                Apaja
            </em>
        </p>
        <p>
            ‘(not)varp’, som er navn på en holme ovenfor Aronnes, samt navnet på et nes
        </p>
        <p>
            <em type="italic">
                Apajaniemi
            </em>
        </p>
        <p>
            (1778
        </p>
        <p>
            <em type="italic">
                Apajenemi
            </em>
        </p>
        <p>
            , 1983
        </p>
        <p>
            <em type="italic">
                Apajaniemi
            </em>
        </p>
        <p>
            ) i munningen av Tverrelva. På disse stedene har man sikkert drevet med notvarp, dvs. fisket med not, men det var for så lenge siden at navnemesterne mine ikke lenger husket hvordan det hadde foregått.
        </p>
        <p>
            Mye lenger opp i elva, mellom de to fossene
        </p>
        <p>
            <em type="italic">
                Saarikoski
            </em>
        </p>
        <p>
            (
        </p>
        <p>
            <em type="italic">
                koski
            </em>
        </p>
        <p>
            ‘foss’) og
        </p>
        <p>
            <em type="italic">
                Nimitönkoski
            </em>
        </p>
        <p>
            (
        </p>
        <p>
            <em type="italic">
                nimitön
            </em>
        </p>
        <p>
            ‘navnløs’) er det en fiskeplass som heter
        </p>
        <p>
            <em type="italic">
                Parila
            </em>
        </p>
        <p>
            . På den plassen skal det på høstnettene ha foregått lystring. I en
        </p>
        <p>
            <em type="italic">
                arina
            </em>
        </p>
        <p>
            – en slags jernkurv i baugen på båten – hadde man ild, slik at man kunne se fisken under vannet i mørket, og så stakk man den med et redskap som kaltes
        </p>
        <p>
            <em type="italic">
                parila
            </em>
        </p>
        <p>
            ‘lystergaffel’, som hadde mothake som fisken ble fast på. På stedet skal det være en stein som man pleide å legge lystergaffelen, eller
        </p>
        <p>
            <em type="italic">
                parila
            </em>
        </p>
        <p>
            ,
        </p>
        <p>
        </p>
        <p>
            på; etter folketrua skulle det gi fiskelykke.
        </p>
        <p>
            22
        </p>
        <p>
        </p>
        <p>
            Mange av navna i elvedalen forteller om hvordan stedet er. Mellom
        </p>
        <p>
            <em type="italic">
                Siera
            </em>
        </p>
        <p>
            og
        </p>
        <p>
            <em type="italic">
                Viinankorva
            </em>
        </p>
        <p>
            er det et stryk som heter
        </p>
        <p>
            <em type="italic">
                Kavala
            </em>
        </p>
        <p>
            (
        </p>
        <p>
            <em type="italic">
                kavala
            </em>
        </p>
        <p>
            ‘slu, listig’). Man tror at navnet kommer av at det er farlig å gå med elvebåt her.
        </p>
        <p>
            <em type="italic">
                Sirppi
            </em>
        </p>
        <p>
            er en foss, og om det navnet fortelles det at elva dreier her og har en krum form akkurat som en
        </p>
        <p>
            <em type="italic">
                sirppi
            </em>
        </p>
        <p>
            ‘sigd’. Andre navn som forteller om egenskapen eller forhold på stedet er f.eks.
        </p>
        <p>
            <em type="italic">
                Kivikoski
            </em>
        </p>
        <p>
            (
        </p>
        <p>
            <em type="italic">
                kivi
            </em>
        </p>
        <p>
            ‘stein’,
        </p>
        <p>
            <em type="italic">
                koski
            </em>
        </p>
        <p>
            ‘foss’),
        </p>
        <p>
            <em type="italic">
                Pitkäsuvanto
            </em>
        </p>
        <p>
            (
        </p>
        <p>
            <em type="italic">
                pitkä
            </em>
        </p>
        <p>
            ‘lang’,
        </p>
        <p>
            <em type="italic">
                suvanto
            </em>
        </p>
        <p>
            ‘stille parti i elv, kulp’),
        </p>
        <p>
            <em type="italic">
                Pystöniva
            </em>
        </p>
        <p>
            (
        </p>
        <p>
            <em type="italic">
                pystö
            </em>
        </p>
        <p>
            ‘bratt’,
        </p>
        <p>
            <em type="italic">
                niva
            </em>
        </p>
        <p>
            ‘stryk’),
        </p>
        <p>
            <em type="italic">
                Vähäniva
            </em>
        </p>
        <p>
            (
        </p>
        <p>
            <em type="italic">
                vähä
            </em>
        </p>
        <p>
            ’liten’),
        </p>
        <p>
            <em type="italic">
                Mustakoski
            </em>
        </p>
        <p>
            (
        </p>
        <p>
            <em type="italic">
                musta
            </em>
        </p>
        <p>
            ‘svart’) og
        </p>
        <p>
            <em type="italic">
                Kuivakoski
            </em>
        </p>
        <p>
            (
        </p>
        <p>
            <em type="italic">
                kuiva
            </em>
        </p>
        <p>
            ‘tørr’). Rett etter Kuivakoski kommer en foss som heter
        </p>
        <p>
            <em type="italic">
                Pitkäkoski
            </em>
        </p>
        <p>
            (
        </p>
        <p>
            <em type="italic">
                pitkä
            </em>
        </p>
        <p>
            ‘lang’), som er en så bratt foss at man herfra ikke kommer lenger opp med elvebåt. Under Pitkäkoski er da også den siste fiskeplassen, og den heter
        </p>
        <p>
            <em type="italic">
                Jokoikki
            </em>
        </p>
        <p>
            . Om den plassen fortale mine navnemestere at navnet kom av orda
        </p>
        <p>
            <em type="italic">
                joki poikki
            </em>
        </p>
        <p>
            (
            <span type="quote">
                «elva tvers av»
            </span>
        ), eller m.a.o. så slutter elva her.
        </p>
        <p>
            Navnet
        </p>
        <p>
            <em type="italic">
                Majavavuopio
            </em>
        </p>
        <p>
            forteller kanskje om en annen type fangst (
        </p>
        <p>
            <em type="italic">
                majava
            </em>
        </p>
        <p>
            ‘bever’,
        </p>
        <p>
            <em type="italic">
                vuopio
            </em>
        </p>
        <p>
            ‘kjos, vik i elv’; 1777 her
        </p>
        <p>
            <em type="italic">
                Majavopionsari
            </em>
        </p>
        <p>
            ). Kjosen er litt nedenfor munningen av Eibyelva. Navnet viser at det også i Altaelva har vært bever i gamle dager. Etter hvert har beverfangsten ført til utryddelse, fordi man fikk fint skinn av den, og fordi beveren også var ansett som et skadedyr. Den var jo nesten like flink til å bygge stengsel som de kvenske laksefiskerne!
        </p>
        <p>
            I tillegg finnes det navn som er gitt av andre årsaker.
        </p>
        <p>
            <em type="italic">
                Viinankorva
            </em>
        </p>
        <p>
            er f.eks. en sving i elva i Viina. Ordet
        </p>
        <p>
            <em type="italic">
                korva
            </em>
        </p>
        <p>
            betyr ikke i dette tilfellet den delen av hodet, som man hører med (
        </p>
        <p>
            <em type="italic">
                korva
            </em>
        </p>
        <p>
            betyr også ‘øre’!), men en strømplass der vannet skifter retning når det treffer en stein eller en elvebredd. Selve stedsnavnet
        </p>
        <p>
            <em type="italic">
                Viina
            </em>
        </p>
        <p>
            skal komme av at engelskmannen hadde hus der da de leide elva på 1800-tallet, og at det ble drukket mye
        </p>
        <p>
            <em type="italic">
                viina
            </em>
        </p>
        <p>
            ‘brennevin’ der. Uten å gi forklaring via engelskmannen, så blir et slikt navn vanskelig å forklare!
        </p>
        <p>
            I Altaelva er det enda flere fine navn på fiskeplasser; jeg fikk nesten hundre av mine navnemestere, men det er ikke plass her til å ramse dem opp. En stor del av mine innsamlede navn finnes likevel i databasen
        </p>
        <p>
            <em type="italic">
                kvenskestedsnavn.no
            </em>
        </p>
        <p>
            som Irene Andreassen har fått opprettet. Der kan man også skrive kommentarer om man synes noe er galt, eller om noe mangler.
        </p>
        <p>
            <em type="bold">
                Fra Alta til Tromsø og ei ny tid
            </em>
        </p>
        <p>
            I 1983 flytta jeg til Tromsø fordi jeg fikk ei stilling der på universitetet. Jeg flytta ikke fordi jeg ikke trivdes i Alta. Slett ikke, jeg trivdes veldig godt i Alta og med altaværingene. Men jeg følte at man på høgskolen ikke verdsatte finskundervisninga, og ikke hadde jeg kolleger der som arbeidet med de samme sakene som jeg.
        </p>
        <p>
            Også i Tromsø underviste jeg i finsk. Men allerede i Alta følte jeg likevel at det ikke var helt rett å undervise kvenene i riksfinsk. Selv om kvenene alle stedene kalte språket sitt for
        </p>
        <p>
            <em type="italic">
                suomi
            </em>
        </p>
        <p>
            (
            <span type="quote">
                «finsk»
            </span>
        ), og deres gamle språk utvilsomt lignet den finsken som folk snakka i Nord-Finland og i Sverige, så var det likevel kommet mange nye ord i det finske skriftspråket i Finland, det var endret og språket ble allment også snakka på en annen måte. Jeg begynte å kjenne på at det finske skriftspråket for kvenene var litt av samme sak som det danske skriftspråket var for nordmennene på 1800-tallet da man begynte å utvikle nynorsk basert på ulike norske dialekter. Det finske skriftspråket var utviklet i Finland, og man tenkte slett ikke på folk utenfor Finland, og ikke var de tatt med på det arbeidet, heller. Kanskje situasjonen hadde vært en annen om det også i Norge hadde vært undervist i finsk, om det hadde vært aviser og annen media på finsk. Nå var riksfinsk fremmed for kvenene, det føltes ikke som eget. Så derfor begynte jeg på 2000-tallet å lage en grammatikk og læremiddel for undervisning på universitetet, som nettopp var ment for kvenene i Norge. Undervisning i kvensk, som jeg i undervisningsmaterialet mitt kaller for
        </p>
        <p>
            <em type="italic">
                kainun kieli
            </em>
        </p>
        <p>
            , begynte i Tromsø i 2006. Vi fikk straks mange studenter på det kurset, flere enn vi noen gang hadde hatt på kurs i riksfinsk. Kvensk hadde i 2005 fått status som et eget språk av myndighetene, og det fikk oss til å tro at nå kommer det ei ny tid og en giv for kvenene og deres språk.
        </p>
        <p>
            Men kanskje alt er skjedd for seint? Heller ikke i Alta finnes det vel mange kvener lenger som snakker finsk, eller det gamle språket til forfedrene, som sitt morsmål. Det gamle språket og kulturen holder på å forsvinne, holder helt på å slokne. Det ser ut for at den nye tida, nye mennesker, en ny kultur har dekket over det laget som jeg ennå hadde lykken og gleden av å bli kjent med da jeg bodde og ferdes der. Det gjør meg veldig trist, fordi det betyr at røttene til de gamle altakvenenes etterkommere er revet av, og det ser ut som om de driver omkring med fremmede strømmer.
        </p>
        <p>
            Men ennå er det et håp at det på ny er mulig å lære språket og bygge en ny og egen etnisitet og kultur på de resterende smulene av den gamle kulturen. Derfor er jeg også glad for at jeg i flere tiår kunne være med å bevare en liten bit av det gamle språket og den gamle kulturen for nye generasjoner.
        </p>
        <p>
            Om forfatteren: Eira Söderholm (f. 1949 i Åbo i Sørvest-Finland) studerte finsk som hovedfag på Åbo universitet. Da hun hadde arbeidet noen år på instituttet for finsk språk, flyttet hun til Alta i 1979 for å bli finsklærer på Finnmark distriktshøgskole. Her drev hun feltarbeid blant kvenene. I 1983 begynte hun å arbeide på Universitet i Tromsø der hun underviste i finsk språk, og i 2006-2016 også i kvensk språk. Hun har forsket bl.a. på kvenske stedsnavn og terrengord, vært med å planlegge det kvenske skriftspråket og skrevet en kvensk grammatikk.
        </p>
        <list>
            <p type="listitem">
                Hansegård 1968. ↩︎
            </p>
            <p type="listitem">
                Jeg hadde tidligere samla stedsnavn i noen kommuner rundt Åbo. En del av de stedsnavna jeg samla i Kvænangen finnes i Bjørklunds Fjordfolket i Kvænangen (1985: 219). ↩︎
            </p>
            <p type="listitem">
                Se for eksempel Haukedal 1980: 151 – 152. ↩︎
            </p>
            <p type="listitem">
                Söderholm 1987– 1988; kilden var Protokoll 1777– 1778; se også Henninen 1971: 66 – 71. ↩︎
            </p>
            <p type="listitem">
                Bull, Kirsti Strøm 2014: 18. ↩︎
            </p>
            <p type="listitem">
                Jeg har skrevet om dette i en artikkel i Söderholm 1989. Der har jeg sett på hva slags navn som var i Grunneiendomsregisteret i 1983, sammenlignet dem med de navna som jeg fikk av mine språkmestere, med Protokollen fra 1777– 1778 og med matrikkelen fra 1878. ↩︎
            </p>
            <p type="listitem">
                Jamfør det lokalt brukte norske navnet
                <span type="quote">
                    «Overelva»
                </span>
            , som uttales med trykk på første stavelse. ↩︎
            </p>
            <p type="listitem">
                Jamfør det norske navnet
                <em type="italic">
                    Tverrelva
                </em>
            . ↩︎
            </p>
            <p type="listitem">
                Rasmus Kieldsen var amtmann i Finnmark 1738– 1750. Om krangelen mellom Kieldsen og Knud Qvæn, se Nielsen 1990: 249 – 267. ↩︎
            </p>
            <p type="listitem">
                Qvigstad 1925: 22– 24. ↩︎
            </p>
            <p type="listitem">
                Paulaharju 1928: 81– 85 skriver om den katolske menigheten, der også noen altakvener var med, og der kvenbarna gikk på skole. ↩︎
            </p>
            <p type="listitem">
                Friis 1861. ↩︎
            </p>
            <p type="listitem">
                Jamfør det samiske ordet
                <em type="italic">
                    ruošša
                </em>
            ‘russer’. ↩︎
            </p>
            <p type="listitem">
                Schnitler 1985: 54. ↩︎
            </p>
            <p type="listitem">
                Paulaharju 1928: 73. ↩︎
            </p>
            <p type="listitem">
                Digitalarkivet.no. ↩︎
            </p>
            <p type="listitem">
                Også Qvigstad & Olsen 1924: 12, 29 knytter navnet Gargia til det finske ordet karkia eller karkea; betydninga av ordet hos dem er likevel litt forskjellig (
                <span type="quote">
                    «torr eller grof jord eller mark»
                </span>
            ). ↩︎
            </p>
            <p type="listitem">
                Ifølge mine undersøkelser (1987– 1988: 122 – 123) så var slåttemarkene i Transfarelv utmålt til nordmenn og samer, men navna var også da nesten alle finske. ↩︎
            </p>
            <p type="listitem">
                Jamfør navnet Bjørnstad hos Qvigstad & Olsen 1924: 37. Bjørnstad skal ha fått navnet sitt av at en bjørn gikk løs på ei ku, som likevel berget livet. Karhukenttä hører til eiendommen Bjørnstad. ↩︎
            </p>
            <p type="listitem">
                <em type="italic">
                    saikara
                </em>
            er en staur eller ei stang, som ble brukt i høyhesjene. ↩︎
            </p>
            <p type="listitem">
                Sporring 1793–1794: 64–65. ↩︎
            </p>
            <p type="listitem">
                Jamfør at i mange finske dialekter er
                <em type="italic">
                    parila
                </em>
            der man har ilden, og
                <em type="italic">
                    arina
                </em>
            er redskapen man stikker fisken med.
                <p>
                    <span type="quote">
                        Kilder:
                    </span>
                </p>
                <p>
                    <span type="quote">
                        Bjørklund, Ivar 1985: Fjordfolket i Kvænangen. Fra samisk samfunn
til norsk utkant 1550–1980. Universitetsforlaget.
                    </span>
                </p>
                <p>
                    <span type="quote">
                        Bull, Kirsti Strøm 2014: En rettshistorisk lovgjennomgang av
jordsalgslovgivningen i Finnmark i perioden 1775 – 1965.
https://www.domstol.no/globalassets/upload/finn/sakkyndige-utredninger/jordsalgslovgivningen-kirsti-strom-bull.pdf.
                    </span>
                </p>
                <p>
                    <span type="quote">
                        digitalarkivet.no.
                    </span>
                </p>
                <p>
                    <span type="quote">
                        Friis, J. A. 1861: Etnografisk kart over Finnmark. –
Nettversjon på
http://www.dokpro.uio.no/friiskartene/1861/1861oversikt.html. 2013.
                    </span>
                </p>
                <p>
                    <span type="quote">
                        Grunneiendomsregister 1983. Alta kommune. Alta
Sorenskriverembete. Fylkeskartkontoret i Finnmark.
                    </span>
                </p>
                <p>
                    <span type="quote">
                        Hansegård, Nils 1968: Tvåspråkighet eller halvspråkighet.
Aldus Bonniers.
                    </span>
                </p>
                <p>
                    <span type="quote">
                        Haukedal, Geir 1980: Den kvenske innvandring til Nord-Troms og
Vest-Finnmark.
                    </span>
                </p>
                <p>
                    <span type="quote">
                        Henninen, Terje 1971: Den kvenske Innvandring til Alta på
1700-tallet. Hovedoppgave. Universitetet i Trondheim.
                    </span>
                </p>
                <p>
                    <span type="quote">
                        Matrikul over jordeiendommene i Altens fogderie. Hammerfest
1878.
                    </span>
                </p>
                <p>
                    <span type="quote">
                        Nielsen, Jens Petter 1990: Altas historie. Bind 1. De glemte
århundrene (1520–1826). Alta kommune.
                    </span>
                </p>
                <p>
                    <span type="quote">
                        Paulaharju, Samuli 1928: Ruijan suomalaisia. Helsinki.
                    </span>
                </p>
                <p>
                    <span type="quote">
                        Paulaharju, Samuli 1973: Finnmarkens folk. Uddevalla.
                    </span>
                </p>
                <p>
                    <span type="quote">
                        Protokoll 1777–1778 = Protokoll for Landmålaren i Finnmarken
1776–1804. Manuskript. Statsarkivkontoret, Tromsø.
                    </span>
                </p>
                <p>
                    <span type="quote">
                        Qvigstad, J. 1925: Finske fortellinger fra Kvænangen og
Nord-Reisa. Tromsø Museums Årshefter 47 (1924). Nr. 5. Tromsø.
                    </span>
                </p>
                <p>
                    <span type="quote">
                        Qvigstad, Just & Olsen, Magnus 1924: Navne paa matrikulerte
jordeiendomme i Finmarkens amt etter offentlig foranstaltning.
Kristiania.
                    </span>
                </p>
                <p>
                    <span type="quote">
                        Schnitler, Peter 1985: Major Peter Schnitlers
grenseeksaminasjonsprotokoller 1742–1745. Bind III. Ved Lars Ivar
Hansen og Tom Schmidt. Oslo: Norsk historisk kjeldeskrift-institutt.
                    </span>
                </p>
                <p>
                    <span type="quote">
                        Sporring, Jens 1793–1794: J. Sporring’s Relation angaaende Finmarken,
forfattet 1734. – Topographisk Journal for Norge, Andet Bind, 5–8
Hefte. Christiania.
                    </span>
                </p>
                <p>
                    <span type="quote">
                        Söderholm 1987–1988: Etniske forhold i Alta omkring 1800 belyst ved
stedsnavn. – Studia Septentrionalia nr 14: Nordkalotten i en
skiftande värld. Jyväskylä.
                    </span>
                </p>
                <p>
                    <span type="quote">
                        Söderholm, Eira 1989: Finske eiendomsnavn i Alta og deres offentlige
bruk. – Namn og nemne 6, 51–58. Øvre Ervik 1989.
                    </span>
                </p>
                <p>
                    ↩︎
                </p>
            </p>
        </list>
    </body>
</document>
